[17:03:10] [Thread-4/INFO]: [STDOUT]: SERVER enter state: DORMANT
[17:03:10] [EnvServerSocketHandler/INFO]: Received Mission token cb266257-da9e-410a-9c7a-f344f7c121b5:0:0:1:true
[17:03:10] [EnvServerSocketHandler/INFO]: Received mission init command  <MissionInit xmlns="http://ProjectMalmo.microsoft.com" xmlns:xsi="http://www.w3.org/2001/XMLSchema-instance" SchemaVersion="" PlatformVersion="0.37.0"><Mission><About><Summary>MineRLBasaltFindCave-v0</Summary></About><ModSettings><MsPerTick>50</MsPerTick></ModSettings><ServerSection><ServerInitialConditions><Time><AllowPassageOfTime>false</AllowPassageOfTime></Time><AllowSpawning>true</AllowSpawning></ServerInitialConditions><ServerHandlers><DefaultWorldGenerator forceReset="true" generatorOptions="{}"/><ServerQuitFromTimeUp timeLimitMs="180000" description="out_of_time"/><ServerQuitWhenAnyAgentFinishes/></ServerHandlers></ServerSection><AgentSection mode="Survival"><Name>MineRLAgent0</Name><AgentStart><LowLevelInputs>true</LowLevelInputs><GuiScale>1.0</GuiScale><GammaSetting>2.0</GammaSetting><FOVSetting>70.0</FOVSetting><FakeCursorSize>16</FakeCursorSize><Inventory/><PreferredSpawnBiome>plains</PreferredSpawnBiome><DoneOnDeath>true</DoneOnDeath></AgentStart><AgentHandlers><FileBasedPerformanceProducer/><PauseCommand/><VideoProducer want_depth="false"><Width>640</Width><Height>360</Height></VideoProducer><HumanLevelCommands/><CameraCommands/></AgentHandlers></AgentSection></Mission><ExperimentUID>cb266257-da9e-410a-9c7a-f344f7c121b5</ExperimentUID><ClientRole>0</ClientRole><ClientAgentConnection><ClientIPAddress>127.0.0.1</ClientIPAddress><ClientMissionControlPort>0</ClientMissionControlPort><ClientCommandsPort>0</ClientCommandsPort><AgentIPAddress>127.0.0.1</AgentIPAddress><AgentMissionControlPort>0</AgentMissionControlPort><AgentVideoPort>0</AgentVideoPort><AgentDepthPort>0</AgentDepthPort><AgentLuminancePort>0</AgentLuminancePort><AgentObservationsPort>0</AgentObservationsPort><AgentRewardsPort>0</AgentRewardsPort><AgentColourMapPort>0</AgentColourMapPort></ClientAgentConnection></MissionInit>
[17:03:11] [EnvServerSocketHandler/INFO]: [STDOUT]: Setting width, height to 640, 360
[17:03:11] [EnvServerSocketHandler/INFO]: [STDOUT]: Gamma: 2.0
[17:03:11] [EnvServerSocketHandler/INFO]: [STDOUT]: FOV: 70.0
[17:03:11] [EnvServerSocketHandler/INFO]: [STDOUT]: GuiScale: 1.0
[17:03:11] [Render thread/INFO]: [STDOUT]: Seed not provided, generating random one: 6315324631878263967
[17:03:11] [Render thread/WARN]: Ambiguity between arguments [teleport, destination] and [teleport, targets] with inputs: [Player, 0123, @e, dd12be42-52a9-4a91-a8a1-11c01849e498]
[17:03:11] [Render thread/WARN]: Ambiguity between arguments [teleport, location] and [teleport, destination] with inputs: [0.1 -0.5 .9, 0 0 0]
[17:03:11] [Render thread/WARN]: Ambiguity between arguments [teleport, location] and [teleport, targets] with inputs: [0.1 -0.5 .9, 0 0 0]
[17:03:11] [Render thread/WARN]: Ambiguity between arguments [teleport, targets] and [teleport, destination] with inputs: [Player, 0123, dd12be42-52a9-4a91-a8a1-11c01849e498]
[17:03:11] [Render thread/WARN]: Ambiguity between arguments [teleport, targets, location] and [teleport, targets, destination] with inputs: [0.1 -0.5 .9, 0 0 0]
[17:03:11] [Render thread/INFO]: Reloading ResourceManager: Default
[17:03:11] [Render thread/INFO]: Loaded 7 recipes
[17:03:11] [Render thread/INFO]: Loaded 927 advancements
[17:03:12] [Render thread/INFO]: Environment: authHost='https://authserver.mojang.com', accountsHost='https://api.mojang.com', sessionHost='https://sessionserver.mojang.com', servicesHost='https://api.minecraftservices.com', name='PROD'
[17:03:12] [Render thread/INFO]: Starting integrated minecraft server version 1.16.5
[17:03:12] [Render thread/INFO]: Generating keypair
[17:03:14] [Render thread/INFO]: Preparing start region for dimension minecraft:overworld
[17:03:19] [Render thread/INFO]: Changing view distance to 11, from 10
[17:03:19] [Render thread/INFO]: MineRLAgent0[local:E:b3b06394] logged in with entity id 330 at (738.5, 65.0, -981.5)
[17:03:19] [Render thread/INFO]: MineRLAgent0 joined the game
[17:03:19] [Render thread/INFO]: Preparing spawn area: 7%
[17:03:19] [Render thread/INFO]: Time elapsed: 3 ms
[17:03:19] [Render thread/INFO]: [STDOUT]: *** creating fake mouse cursor ***
[17:03:19] [Render thread/INFO]: [STDOUT]: Starting new video null
[17:03:19] [Render thread/INFO]: Saving and pausing game...
[17:03:19] [Render thread/INFO]: Saving chunks for level 'ServerLevel[mcpworld62558ffab624]'/minecraft:overworld
[17:03:19] [Render thread/INFO]: Saving chunks for level 'ServerLevel[mcpworld62558ffab624]'/minecraft:the_nether
[17:03:19] [Render thread/INFO]: Saving chunks for level 'ServerLevel[mcpworld62558ffab624]'/minecraft:the_end
[17:03:20] [Render thread/INFO]: Loaded 0 advancements
