[22:01:49] [Thread-4/INFO]: [STDOUT]: SERVER enter state: DORMANT
[22:01:49] [EnvServerSocketHandler/INFO]: Received Mission token 2a66a1ce-fd0c-4f01-809e-58e3a0ee2249:0:0:1:true
[22:01:49] [EnvServerSocketHandler/INFO]: Received mission init command  <MissionInit xmlns="http://ProjectMalmo.microsoft.com" xmlns:xsi="http://www.w3.org/2001/XMLSchema-instance" SchemaVersion="" PlatformVersion="0.37.0"><Mission><About><Summary>MineRLBasaltFindCave-v0</Summary></About><ModSettings><MsPerTick>50</MsPerTick></ModSettings><ServerSection><ServerInitialConditions><Time><AllowPassageOfTime>false</AllowPassageOfTime></Time><AllowSpawning>true</AllowSpawning></ServerInitialConditions><ServerHandlers><DefaultWorldGenerator forceReset="true" generatorOptions="{}"/><ServerQuitFromTimeUp timeLimitMs="180000" description="out_of_time"/><ServerQuitWhenAnyAgentFinishes/></ServerHandlers></ServerSection><AgentSection mode="Survival"><Name>MineRLAgent0</Name><AgentStart><LowLevelInputs>true</LowLevelInputs><GuiScale>1.0</GuiScale><GammaSetting>2.0</GammaSetting><FOVSetting>70.0</FOVSetting><FakeCursorSize>16</FakeCursorSize><Inventory/><PreferredSpawnBiome>plains</PreferredSpawnBiome><DoneOnDeath>true</DoneOnDeath></AgentStart><AgentHandlers><FileBasedPerformanceProducer/><PauseCommand/><VideoProducer want_depth="false"><Width>640</Width><Height>360</Height></VideoProducer><HumanLevelCommands/><CameraCommands/></AgentHandlers></AgentSection></Mission><ExperimentUID>2a66a1ce-fd0c-4f01-809e-58e3a0ee2249</ExperimentUID><ClientRole>0</ClientRole><ClientAgentConnection><ClientIPAddress>127.0.0.1</ClientIPAddress><ClientMissionControlPort>0</ClientMissionControlPort><ClientCommandsPort>0</ClientCommandsPort><AgentIPAddress>127.0.0.1</AgentIPAddress><AgentMissionControlPort>0</AgentMissionControlPort><AgentVideoPort>0</AgentVideoPort><AgentDepthPort>0</AgentDepthPort><AgentLuminancePort>0</AgentLuminancePort><AgentObservationsPort>0</AgentObservationsPort><AgentRewardsPort>0</AgentRewardsPort><AgentColourMapPort>0</AgentColourMapPort></ClientAgentConnection></MissionInit>
[22:01:49] [EnvServerSocketHandler/INFO]: [STDOUT]: Setting width, height to 640, 360
[22:01:49] [EnvServerSocketHandler/INFO]: [STDOUT]: Gamma: 2.0
[22:01:49] [EnvServerSocketHandler/INFO]: [STDOUT]: FOV: 70.0
[22:01:49] [EnvServerSocketHandler/INFO]: [STDOUT]: GuiScale: 1.0
[22:01:49] [Render thread/INFO]: [STDOUT]: Seed not provided, generating random one: -981214117958671706
[22:01:49] [Render thread/WARN]: Ambiguity between arguments [teleport, destination] and [teleport, targets] with inputs: [Player, 0123, @e, dd12be42-52a9-4a91-a8a1-11c01849e498]
[22:01:49] [Render thread/WARN]: Ambiguity between arguments [teleport, location] and [teleport, destination] with inputs: [0.1 -0.5 .9, 0 0 0]
[22:01:49] [Render thread/WARN]: Ambiguity between arguments [teleport, location] and [teleport, targets] with inputs: [0.1 -0.5 .9, 0 0 0]
[22:01:49] [Render thread/WARN]: Ambiguity between arguments [teleport, targets] and [teleport, destination] with inputs: [Player, 0123, dd12be42-52a9-4a91-a8a1-11c01849e498]
[22:01:49] [Render thread/WARN]: Ambiguity between arguments [teleport, targets, location] and [teleport, targets, destination] with inputs: [0.1 -0.5 .9, 0 0 0]
[22:01:49] [Render thread/INFO]: Reloading ResourceManager: Default
[22:01:49] [Render thread/INFO]: Loaded 7 recipes
[22:01:50] [Render thread/INFO]: Loaded 927 advancements
[22:01:50] [Render thread/INFO]: Environment: authHost='https://authserver.mojang.com', accountsHost='https://api.mojang.com', sessionHost='https://sessionserver.mojang.com', servicesHost='https://api.minecraftservices.com', name='PROD'
[22:01:50] [Render thread/INFO]: Starting integrated minecraft server version 1.16.5
[22:01:50] [Render thread/INFO]: Generating keypair
[22:01:52] [Render thread/INFO]: Preparing start region for dimension minecraft:overworld
[22:01:56] [Render thread/INFO]: Changing view distance to 11, from 10
[22:01:56] [Render thread/INFO]: MineRLAgent0[local:E:ba32175a] logged in with entity id 232 at (-298.5, 63.0, 937.5)
[22:01:56] [Render thread/INFO]: MineRLAgent0 joined the game
[22:01:56] [Render thread/INFO]: Preparing spawn area: 42%
[22:01:56] [Render thread/INFO]: Time elapsed: 2 ms
[22:01:56] [Render thread/INFO]: [STDOUT]: *** creating fake mouse cursor ***
[22:01:56] [Render thread/INFO]: [STDOUT]: Starting new video null
[22:01:56] [Render thread/INFO]: Saving and pausing game...
[22:01:56] [Render thread/INFO]: Saving chunks for level 'ServerLevel[mcpworldadaa33f5d15c]'/minecraft:overworld
[22:01:57] [Render thread/INFO]: Saving chunks for level 'ServerLevel[mcpworldadaa33f5d15c]'/minecraft:the_nether
[22:01:57] [Render thread/INFO]: Saving chunks for level 'ServerLevel[mcpworldadaa33f5d15c]'/minecraft:the_end
[22:01:57] [Render thread/INFO]: Loaded 0 advancements
[22:01:59] [EnvServerSocketHandler/INFO]: [STDOUT]: *** Stopping the replay, returning control to the inputs
[22:01:59] [EnvServerSocketHandler/INFO]: Received Mission token f3c77746-b709-4cfc-a135-56622792951c:0:0:1:true
[22:01:59] [EnvServerSocketHandler/INFO]: Received mission init command  <MissionInit xmlns="http://ProjectMalmo.microsoft.com" xmlns:xsi="http://www.w3.org/2001/XMLSchema-instance" SchemaVersion="" PlatformVersion="0.37.0"><Mission><About><Summary>MineRLBasaltFindCave-v0</Summary></About><ModSettings><MsPerTick>50</MsPerTick></ModSettings><ServerSection><ServerInitialConditions><Time><AllowPassageOfTime>false</AllowPassageOfTime></Time><AllowSpawning>true</AllowSpawning></ServerInitialConditions><ServerHandlers><DefaultWorldGenerator forceReset="true" generatorOptions="{}"/><ServerQuitFromTimeUp timeLimitMs="180000" description="out_of_time"/><ServerQuitWhenAnyAgentFinishes/></ServerHandlers></ServerSection><AgentSection mode="Survival"><Name>MineRLAgent0</Name><AgentStart><LowLevelInputs>true</LowLevelInputs><GuiScale>1.0</GuiScale><GammaSetting>2.0</GammaSetting><FOVSetting>70.0</FOVSetting><FakeCursorSize>16</FakeCursorSize><Inventory/><PreferredSpawnBiome>plains</PreferredSpawnBiome><DoneOnDeath>true</DoneOnDeath></AgentStart><AgentHandlers><FileBasedPerformanceProducer/><PauseCommand/><VideoProducer want_depth="false"><Width>640</Width><Height>360</Height></VideoProducer><HumanLevelCommands/><CameraCommands/></AgentHandlers></AgentSection></Mission><ExperimentUID>f3c77746-b709-4cfc-a135-56622792951c</ExperimentUID><ClientRole>0</ClientRole><ClientAgentConnection><ClientIPAddress>127.0.0.1</ClientIPAddress><ClientMissionControlPort>0</ClientMissionControlPort><ClientCommandsPort>0</ClientCommandsPort><AgentIPAddress>127.0.0.1</AgentIPAddress><AgentMissionControlPort>0</AgentMissionControlPort><AgentVideoPort>0</AgentVideoPort><AgentDepthPort>0</AgentDepthPort><AgentLuminancePort>0</AgentLuminancePort><AgentObservationsPort>0</AgentObservationsPort><AgentRewardsPort>0</AgentRewardsPort><AgentColourMapPort>0</AgentColourMapPort></ClientAgentConnection></MissionInit>
[22:01:59] [EnvServerSocketHandler/INFO]: [STDOUT]: Setting width, height to 640, 360
[22:01:59] [EnvServerSocketHandler/INFO]: [STDOUT]: Gamma: 2.0
[22:01:59] [EnvServerSocketHandler/INFO]: [STDOUT]: FOV: 70.0
[22:01:59] [EnvServerSocketHandler/INFO]: [STDOUT]: GuiScale: 1.0
[22:01:59] [Render thread/INFO]: [STDOUT]: Seed not provided, generating random one: 9180222453658803383
[22:02:00] [Render thread/WARN]: Ambiguity between arguments [teleport, destination] and [teleport, targets] with inputs: [Player, 0123, @e, dd12be42-52a9-4a91-a8a1-11c01849e498]
[22:02:00] [Render thread/WARN]: Ambiguity between arguments [teleport, location] and [teleport, destination] with inputs: [0.1 -0.5 .9, 0 0 0]
[22:02:00] [Render thread/WARN]: Ambiguity between arguments [teleport, location] and [teleport, targets] with inputs: [0.1 -0.5 .9, 0 0 0]
[22:02:00] [Render thread/WARN]: Ambiguity between arguments [teleport, targets] and [teleport, destination] with inputs: [Player, 0123, dd12be42-52a9-4a91-a8a1-11c01849e498]
[22:02:00] [Render thread/WARN]: Ambiguity between arguments [teleport, targets, location] and [teleport, targets, destination] with inputs: [0.1 -0.5 .9, 0 0 0]
[22:02:00] [Render thread/INFO]: Reloading ResourceManager: Default
[22:02:00] [Render thread/INFO]: Loaded 7 recipes
[22:02:00] [Render thread/INFO]: Loaded 927 advancements
[22:02:00] [Render thread/INFO]: Environment: authHost='https://authserver.mojang.com', accountsHost='https://api.mojang.com', sessionHost='https://sessionserver.mojang.com', servicesHost='https://api.minecraftservices.com', name='PROD'
[22:02:00] [Render thread/INFO]: Starting integrated minecraft server version 1.16.5
[22:02:00] [Render thread/INFO]: Generating keypair
[22:02:01] [Render thread/INFO]: Preparing start region for dimension minecraft:overworld
[22:02:05] [Render thread/INFO]: Changing view distance to 11, from 10
[22:02:05] [Render thread/INFO]: MineRLAgent0[local:E:29724947] logged in with entity id 766 at (146.5, 73.0, -3.5)
[22:02:05] [Render thread/INFO]: MineRLAgent0 joined the game
[22:02:05] [Render thread/INFO]: Time elapsed: 0 ms
[22:02:05] [Render thread/INFO]: [STDOUT]: Starting new video null
[22:02:05] [Render thread/INFO]: Saving and pausing game...
[22:02:05] [Render thread/INFO]: Saving chunks for level 'ServerLevel[mcpworldb83d33d8b931]'/minecraft:overworld
[22:02:05] [Render thread/INFO]: Saving chunks for level 'ServerLevel[mcpworldb83d33d8b931]'/minecraft:the_nether
[22:02:05] [Render thread/INFO]: Saving chunks for level 'ServerLevel[mcpworldb83d33d8b931]'/minecraft:the_end
[22:02:05] [Render thread/INFO]: Loaded 0 advancements
[22:02:15] [EnvServerSocketHandler/INFO]: [STDOUT]: *** Stopping the replay, returning control to the inputs
