[20:58:49] [Thread-4/INFO]: [STDOUT]: SERVER enter state: DORMANT
[20:58:49] [EnvServerSocketHandler/INFO]: Received Mission token 923d33a6-477a-41e3-932b-35addb29ff31:0:0:1:true
[20:58:49] [EnvServerSocketHandler/INFO]: Received mission init command  <MissionInit xmlns="http://ProjectMalmo.microsoft.com" xmlns:xsi="http://www.w3.org/2001/XMLSchema-instance" SchemaVersion="" PlatformVersion="0.37.0"><Mission><About><Summary>MineRLBasaltFindCave-v0</Summary></About><ModSettings><MsPerTick>50</MsPerTick></ModSettings><ServerSection><ServerInitialConditions><Time><AllowPassageOfTime>false</AllowPassageOfTime></Time><AllowSpawning>true</AllowSpawning></ServerInitialConditions><ServerHandlers><DefaultWorldGenerator forceReset="true" generatorOptions="{}"/><ServerQuitFromTimeUp timeLimitMs="180000" description="out_of_time"/><ServerQuitWhenAnyAgentFinishes/></ServerHandlers></ServerSection><AgentSection mode="Survival"><Name>MineRLAgent0</Name><AgentStart><LowLevelInputs>true</LowLevelInputs><GuiScale>1.0</GuiScale><GammaSetting>2.0</GammaSetting><FOVSetting>70.0</FOVSetting><FakeCursorSize>16</FakeCursorSize><Inventory/><PreferredSpawnBiome>plains</PreferredSpawnBiome><DoneOnDeath>true</DoneOnDeath></AgentStart><AgentHandlers><FileBasedPerformanceProducer/><PauseCommand/><VideoProducer want_depth="false"><Width>640</Width><Height>360</Height></VideoProducer><HumanLevelCommands/><CameraCommands/></AgentHandlers></AgentSection></Mission><ExperimentUID>923d33a6-477a-41e3-932b-35addb29ff31</ExperimentUID><ClientRole>0</ClientRole><ClientAgentConnection><ClientIPAddress>127.0.0.1</ClientIPAddress><ClientMissionControlPort>0</ClientMissionControlPort><ClientCommandsPort>0</ClientCommandsPort><AgentIPAddress>127.0.0.1</AgentIPAddress><AgentMissionControlPort>0</AgentMissionControlPort><AgentVideoPort>0</AgentVideoPort><AgentDepthPort>0</AgentDepthPort><AgentLuminancePort>0</AgentLuminancePort><AgentObservationsPort>0</AgentObservationsPort><AgentRewardsPort>0</AgentRewardsPort><AgentColourMapPort>0</AgentColourMapPort></ClientAgentConnection></MissionInit>
[20:58:49] [EnvServerSocketHandler/INFO]: [STDOUT]: Setting width, height to 640, 360
[20:58:49] [EnvServerSocketHandler/INFO]: [STDOUT]: Gamma: 2.0
[20:58:49] [EnvServerSocketHandler/INFO]: [STDOUT]: FOV: 70.0
[20:58:49] [EnvServerSocketHandler/INFO]: [STDOUT]: GuiScale: 1.0
[20:58:49] [Render thread/INFO]: [STDOUT]: Seed not provided, generating random one: -304749329368776127
[20:58:50] [Render thread/WARN]: Ambiguity between arguments [teleport, destination] and [teleport, targets] with inputs: [Player, 0123, @e, dd12be42-52a9-4a91-a8a1-11c01849e498]
[20:58:50] [Render thread/WARN]: Ambiguity between arguments [teleport, location] and [teleport, destination] with inputs: [0.1 -0.5 .9, 0 0 0]
[20:58:50] [Render thread/WARN]: Ambiguity between arguments [teleport, location] and [teleport, targets] with inputs: [0.1 -0.5 .9, 0 0 0]
[20:58:50] [Render thread/WARN]: Ambiguity between arguments [teleport, targets] and [teleport, destination] with inputs: [Player, 0123, dd12be42-52a9-4a91-a8a1-11c01849e498]
[20:58:50] [Render thread/WARN]: Ambiguity between arguments [teleport, targets, location] and [teleport, targets, destination] with inputs: [0.1 -0.5 .9, 0 0 0]
[20:58:50] [Render thread/INFO]: Reloading ResourceManager: Default
[20:58:50] [Render thread/INFO]: Loaded 7 recipes
[20:58:50] [Render thread/INFO]: Loaded 927 advancements
[20:58:50] [Render thread/INFO]: Environment: authHost='https://authserver.mojang.com', accountsHost='https://api.mojang.com', sessionHost='https://sessionserver.mojang.com', servicesHost='https://api.minecraftservices.com', name='PROD'
[20:58:50] [Render thread/INFO]: Starting integrated minecraft server version 1.16.5
[20:58:50] [Render thread/INFO]: Generating keypair
[20:58:52] [Render thread/INFO]: Preparing start region for dimension minecraft:overworld
[20:58:57] [Render thread/INFO]: Changing view distance to 11, from 10
[20:58:57] [Render thread/INFO]: MineRLAgent0[local:E:3e34dea2] logged in with entity id 135 at (-680.5, 63.0, 561.5)
[20:58:57] [Render thread/INFO]: MineRLAgent0 joined the game
[20:58:57] [Render thread/INFO]: Preparing spawn area: 13%
[20:58:57] [Render thread/INFO]: Time elapsed: 2 ms
[20:58:57] [Render thread/INFO]: [STDOUT]: *** creating fake mouse cursor ***
[20:58:57] [Render thread/INFO]: [STDOUT]: Starting new video null
[20:58:57] [Render thread/INFO]: Saving and pausing game...
[20:58:57] [Render thread/INFO]: Saving chunks for level 'ServerLevel[mcpworld05c29e6a81f3]'/minecraft:overworld
[20:58:57] [Render thread/INFO]: Saving chunks for level 'ServerLevel[mcpworld05c29e6a81f3]'/minecraft:the_nether
[20:58:57] [Render thread/INFO]: Saving chunks for level 'ServerLevel[mcpworld05c29e6a81f3]'/minecraft:the_end
[20:58:58] [Render thread/INFO]: Loaded 0 advancements
