[19:40:08] [Thread-4/INFO]: [STDOUT]: SERVER enter state: DORMANT
[19:40:08] [EnvServerSocketHandler/INFO]: Received Mission token 74d7e5e2-7049-409a-b9e3-444f580f1fb2:0:0:1:true
[19:40:08] [EnvServerSocketHandler/INFO]: Received mission init command  <MissionInit xmlns="http://ProjectMalmo.microsoft.com" xmlns:xsi="http://www.w3.org/2001/XMLSchema-instance" SchemaVersion="" PlatformVersion="0.37.0"><Mission><About><Summary>MineRLBasaltFindCave-v0</Summary></About><ModSettings><MsPerTick>50</MsPerTick></ModSettings><ServerSection><ServerInitialConditions><Time><AllowPassageOfTime>false</AllowPassageOfTime></Time><AllowSpawning>true</AllowSpawning></ServerInitialConditions><ServerHandlers><DefaultWorldGenerator forceReset="true" generatorOptions="{}"/><ServerQuitFromTimeUp timeLimitMs="180000" description="out_of_time"/><ServerQuitWhenAnyAgentFinishes/></ServerHandlers></ServerSection><AgentSection mode="Survival"><Name>MineRLAgent0</Name><AgentStart><LowLevelInputs>true</LowLevelInputs><GuiScale>1.0</GuiScale><GammaSetting>2.0</GammaSetting><FOVSetting>70.0</FOVSetting><FakeCursorSize>16</FakeCursorSize><Inventory/><PreferredSpawnBiome>plains</PreferredSpawnBiome><DoneOnDeath>true</DoneOnDeath></AgentStart><AgentHandlers><FileBasedPerformanceProducer/><PauseCommand/><VideoProducer want_depth="false"><Width>640</Width><Height>360</Height></VideoProducer><HumanLevelCommands/><CameraCommands/></AgentHandlers></AgentSection></Mission><ExperimentUID>74d7e5e2-7049-409a-b9e3-444f580f1fb2</ExperimentUID><ClientRole>0</ClientRole><ClientAgentConnection><ClientIPAddress>127.0.0.1</ClientIPAddress><ClientMissionControlPort>0</ClientMissionControlPort><ClientCommandsPort>0</ClientCommandsPort><AgentIPAddress>127.0.0.1</AgentIPAddress><AgentMissionControlPort>0</AgentMissionControlPort><AgentVideoPort>0</AgentVideoPort><AgentDepthPort>0</AgentDepthPort><AgentLuminancePort>0</AgentLuminancePort><AgentObservationsPort>0</AgentObservationsPort><AgentRewardsPort>0</AgentRewardsPort><AgentColourMapPort>0</AgentColourMapPort></ClientAgentConnection></MissionInit>
[19:40:08] [EnvServerSocketHandler/INFO]: [STDOUT]: Setting width, height to 640, 360
[19:40:08] [EnvServerSocketHandler/INFO]: [STDOUT]: Gamma: 2.0
[19:40:08] [EnvServerSocketHandler/INFO]: [STDOUT]: FOV: 70.0
[19:40:08] [EnvServerSocketHandler/INFO]: [STDOUT]: GuiScale: 1.0
[19:40:08] [Render thread/INFO]: [STDOUT]: Seed not provided, generating random one: -6225088823194553845
[19:40:08] [Render thread/WARN]: Ambiguity between arguments [teleport, destination] and [teleport, targets] with inputs: [Player, 0123, @e, dd12be42-52a9-4a91-a8a1-11c01849e498]
[19:40:08] [Render thread/WARN]: Ambiguity between arguments [teleport, location] and [teleport, destination] with inputs: [0.1 -0.5 .9, 0 0 0]
[19:40:08] [Render thread/WARN]: Ambiguity between arguments [teleport, location] and [teleport, targets] with inputs: [0.1 -0.5 .9, 0 0 0]
[19:40:08] [Render thread/WARN]: Ambiguity between arguments [teleport, targets] and [teleport, destination] with inputs: [Player, 0123, dd12be42-52a9-4a91-a8a1-11c01849e498]
[19:40:08] [Render thread/WARN]: Ambiguity between arguments [teleport, targets, location] and [teleport, targets, destination] with inputs: [0.1 -0.5 .9, 0 0 0]
[19:40:08] [Render thread/INFO]: Reloading ResourceManager: Default
[19:40:09] [Render thread/INFO]: Loaded 7 recipes
[19:40:09] [Render thread/INFO]: Loaded 927 advancements
[19:40:09] [Render thread/INFO]: Environment: authHost='https://authserver.mojang.com', accountsHost='https://api.mojang.com', sessionHost='https://sessionserver.mojang.com', servicesHost='https://api.minecraftservices.com', name='PROD'
[19:40:09] [Render thread/INFO]: Starting integrated minecraft server version 1.16.5
[19:40:09] [Render thread/INFO]: Generating keypair
[19:40:11] [Render thread/INFO]: Preparing start region for dimension minecraft:overworld
[19:40:16] [Render thread/INFO]: Changing view distance to 11, from 10
[19:40:16] [Render thread/INFO]: MineRLAgent0[local:E:0a855c17] logged in with entity id 372 at (498.5, 63.0, 842.5)
[19:40:16] [Render thread/INFO]: MineRLAgent0 joined the game
[19:40:16] [Render thread/INFO]: [STDOUT]: *** creating fake mouse cursor ***
[19:40:16] [Render thread/INFO]: Preparing spawn area: 3%
[19:40:16] [Render thread/INFO]: Time elapsed: 3 ms
[19:40:17] [Render thread/INFO]: [STDOUT]: Starting new video null
[19:40:17] [Render thread/INFO]: Saving and pausing game...
[19:40:17] [Render thread/INFO]: Saving chunks for level 'ServerLevel[mcpworld975a0160a2e8]'/minecraft:overworld
[19:40:17] [Render thread/INFO]: Saving chunks for level 'ServerLevel[mcpworld975a0160a2e8]'/minecraft:the_nether
[19:40:17] [Render thread/INFO]: Saving chunks for level 'ServerLevel[mcpworld975a0160a2e8]'/minecraft:the_end
[19:40:18] [Render thread/INFO]: Loaded 0 advancements
[19:40:19] [EnvServerSocketHandler/INFO]: [STDOUT]: *** Stopping the replay, returning control to the inputs
[19:40:19] [EnvServerSocketHandler/INFO]: Received Mission token 8ac8bc1a-384f-4573-ae43-e23e80e06ade:0:0:1:true
[19:40:19] [EnvServerSocketHandler/INFO]: Received mission init command  <MissionInit xmlns="http://ProjectMalmo.microsoft.com" xmlns:xsi="http://www.w3.org/2001/XMLSchema-instance" SchemaVersion="" PlatformVersion="0.37.0"><Mission><About><Summary>MineRLBasaltFindCave-v0</Summary></About><ModSettings><MsPerTick>50</MsPerTick></ModSettings><ServerSection><ServerInitialConditions><Time><AllowPassageOfTime>false</AllowPassageOfTime></Time><AllowSpawning>true</AllowSpawning></ServerInitialConditions><ServerHandlers><DefaultWorldGenerator forceReset="true" generatorOptions="{}"/><ServerQuitFromTimeUp timeLimitMs="180000" description="out_of_time"/><ServerQuitWhenAnyAgentFinishes/></ServerHandlers></ServerSection><AgentSection mode="Survival"><Name>MineRLAgent0</Name><AgentStart><LowLevelInputs>true</LowLevelInputs><GuiScale>1.0</GuiScale><GammaSetting>2.0</GammaSetting><FOVSetting>70.0</FOVSetting><FakeCursorSize>16</FakeCursorSize><Inventory/><PreferredSpawnBiome>plains</PreferredSpawnBiome><DoneOnDeath>true</DoneOnDeath></AgentStart><AgentHandlers><FileBasedPerformanceProducer/><PauseCommand/><VideoProducer want_depth="false"><Width>640</Width><Height>360</Height></VideoProducer><HumanLevelCommands/><CameraCommands/></AgentHandlers></AgentSection></Mission><ExperimentUID>8ac8bc1a-384f-4573-ae43-e23e80e06ade</ExperimentUID><ClientRole>0</ClientRole><ClientAgentConnection><ClientIPAddress>127.0.0.1</ClientIPAddress><ClientMissionControlPort>0</ClientMissionControlPort><ClientCommandsPort>0</ClientCommandsPort><AgentIPAddress>127.0.0.1</AgentIPAddress><AgentMissionControlPort>0</AgentMissionControlPort><AgentVideoPort>0</AgentVideoPort><AgentDepthPort>0</AgentDepthPort><AgentLuminancePort>0</AgentLuminancePort><AgentObservationsPort>0</AgentObservationsPort><AgentRewardsPort>0</AgentRewardsPort><AgentColourMapPort>0</AgentColourMapPort></ClientAgentConnection></MissionInit>
[19:40:19] [EnvServerSocketHandler/INFO]: [STDOUT]: Setting width, height to 640, 360
[19:40:19] [EnvServerSocketHandler/INFO]: [STDOUT]: Gamma: 2.0
[19:40:19] [EnvServerSocketHandler/INFO]: [STDOUT]: FOV: 70.0
[19:40:19] [EnvServerSocketHandler/INFO]: [STDOUT]: GuiScale: 1.0
[19:40:19] [Render thread/INFO]: [STDOUT]: Seed not provided, generating random one: 2787133702057848751
[19:40:19] [Render thread/WARN]: Ambiguity between arguments [teleport, destination] and [teleport, targets] with inputs: [Player, 0123, @e, dd12be42-52a9-4a91-a8a1-11c01849e498]
[19:40:19] [Render thread/WARN]: Ambiguity between arguments [teleport, location] and [teleport, destination] with inputs: [0.1 -0.5 .9, 0 0 0]
[19:40:19] [Render thread/WARN]: Ambiguity between arguments [teleport, location] and [teleport, targets] with inputs: [0.1 -0.5 .9, 0 0 0]
[19:40:19] [Render thread/WARN]: Ambiguity between arguments [teleport, targets] and [teleport, destination] with inputs: [Player, 0123, dd12be42-52a9-4a91-a8a1-11c01849e498]
[19:40:19] [Render thread/WARN]: Ambiguity between arguments [teleport, targets, location] and [teleport, targets, destination] with inputs: [0.1 -0.5 .9, 0 0 0]
[19:40:19] [Render thread/INFO]: Reloading ResourceManager: Default
[19:40:19] [Render thread/INFO]: Loaded 7 recipes
[19:40:20] [Render thread/INFO]: Loaded 927 advancements
[19:40:20] [Render thread/INFO]: Environment: authHost='https://authserver.mojang.com', accountsHost='https://api.mojang.com', sessionHost='https://sessionserver.mojang.com', servicesHost='https://api.minecraftservices.com', name='PROD'
[19:40:20] [Render thread/INFO]: Starting integrated minecraft server version 1.16.5
[19:40:20] [Render thread/INFO]: Generating keypair
[19:40:21] [Render thread/INFO]: Preparing start region for dimension minecraft:overworld
[19:40:26] [Render thread/INFO]: Changing view distance to 11, from 10
[19:40:26] [Render thread/INFO]: MineRLAgent0[local:E:714c7e93] logged in with entity id 1021 at (-461.5, 68.0, 330.5)
[19:40:26] [Render thread/INFO]: MineRLAgent0 joined the game
[19:40:26] [Render thread/INFO]: Time elapsed: 0 ms
[19:40:26] [Render thread/INFO]: [STDOUT]: Starting new video null
[19:40:26] [Render thread/INFO]: Saving and pausing game...
[19:40:26] [Render thread/INFO]: Saving chunks for level 'ServerLevel[mcpworld43777a27c679]'/minecraft:overworld
[19:40:26] [Render thread/INFO]: Saving chunks for level 'ServerLevel[mcpworld43777a27c679]'/minecraft:the_nether
[19:40:26] [Render thread/INFO]: Saving chunks for level 'ServerLevel[mcpworld43777a27c679]'/minecraft:the_end
[19:40:27] [Render thread/INFO]: Loaded 0 advancements
[19:43:35] [EnvServerSocketHandler/INFO]: [STDOUT]: *** Stopping the replay, returning control to the inputs
[19:43:35] [EnvServerSocketHandler/INFO]: Received Mission token fff56269-4d6e-4e52-92ef-1dcd8abfc163:0:0:1:true
[19:43:35] [EnvServerSocketHandler/INFO]: Received mission init command  <MissionInit xmlns="http://ProjectMalmo.microsoft.com" xmlns:xsi="http://www.w3.org/2001/XMLSchema-instance" SchemaVersion="" PlatformVersion="0.37.0"><Mission><About><Summary>MineRLBasaltFindCave-v0</Summary></About><ModSettings><MsPerTick>50</MsPerTick></ModSettings><ServerSection><ServerInitialConditions><Time><AllowPassageOfTime>false</AllowPassageOfTime></Time><AllowSpawning>true</AllowSpawning></ServerInitialConditions><ServerHandlers><DefaultWorldGenerator forceReset="true" generatorOptions="{}"/><ServerQuitFromTimeUp timeLimitMs="180000" description="out_of_time"/><ServerQuitWhenAnyAgentFinishes/></ServerHandlers></ServerSection><AgentSection mode="Survival"><Name>MineRLAgent0</Name><AgentStart><LowLevelInputs>true</LowLevelInputs><GuiScale>1.0</GuiScale><GammaSetting>2.0</GammaSetting><FOVSetting>70.0</FOVSetting><FakeCursorSize>16</FakeCursorSize><Inventory/><PreferredSpawnBiome>plains</PreferredSpawnBiome><DoneOnDeath>true</DoneOnDeath></AgentStart><AgentHandlers><FileBasedPerformanceProducer/><PauseCommand/><VideoProducer want_depth="false"><Width>640</Width><Height>360</Height></VideoProducer><HumanLevelCommands/><CameraCommands/></AgentHandlers></AgentSection></Mission><ExperimentUID>fff56269-4d6e-4e52-92ef-1dcd8abfc163</ExperimentUID><ClientRole>0</ClientRole><ClientAgentConnection><ClientIPAddress>127.0.0.1</ClientIPAddress><ClientMissionControlPort>0</ClientMissionControlPort><ClientCommandsPort>0</ClientCommandsPort><AgentIPAddress>127.0.0.1</AgentIPAddress><AgentMissionControlPort>0</AgentMissionControlPort><AgentVideoPort>0</AgentVideoPort><AgentDepthPort>0</AgentDepthPort><AgentLuminancePort>0</AgentLuminancePort><AgentObservationsPort>0</AgentObservationsPort><AgentRewardsPort>0</AgentRewardsPort><AgentColourMapPort>0</AgentColourMapPort></ClientAgentConnection></MissionInit>
[19:43:35] [EnvServerSocketHandler/INFO]: [STDOUT]: Setting width, height to 640, 360
[19:43:35] [EnvServerSocketHandler/INFO]: [STDOUT]: Gamma: 2.0
[19:43:35] [EnvServerSocketHandler/INFO]: [STDOUT]: FOV: 70.0
[19:43:35] [EnvServerSocketHandler/INFO]: [STDOUT]: GuiScale: 1.0
[19:43:35] [Render thread/INFO]: [STDOUT]: Seed not provided, generating random one: -4169257688123949377
[19:43:36] [Render thread/WARN]: Ambiguity between arguments [teleport, destination] and [teleport, targets] with inputs: [Player, 0123, @e, dd12be42-52a9-4a91-a8a1-11c01849e498]
[19:43:36] [Render thread/WARN]: Ambiguity between arguments [teleport, location] and [teleport, destination] with inputs: [0.1 -0.5 .9, 0 0 0]
[19:43:36] [Render thread/WARN]: Ambiguity between arguments [teleport, location] and [teleport, targets] with inputs: [0.1 -0.5 .9, 0 0 0]
[19:43:36] [Render thread/WARN]: Ambiguity between arguments [teleport, targets] and [teleport, destination] with inputs: [Player, 0123, dd12be42-52a9-4a91-a8a1-11c01849e498]
[19:43:36] [Render thread/WARN]: Ambiguity between arguments [teleport, targets, location] and [teleport, targets, destination] with inputs: [0.1 -0.5 .9, 0 0 0]
[19:43:36] [Render thread/INFO]: Reloading ResourceManager: Default
[19:43:36] [Render thread/INFO]: Loaded 7 recipes
[19:43:36] [Render thread/INFO]: Loaded 927 advancements
[19:43:36] [Render thread/INFO]: Environment: authHost='https://authserver.mojang.com', accountsHost='https://api.mojang.com', sessionHost='https://sessionserver.mojang.com', servicesHost='https://api.minecraftservices.com', name='PROD'
[19:43:36] [Render thread/INFO]: Starting integrated minecraft server version 1.16.5
[19:43:36] [Render thread/INFO]: Generating keypair
[19:43:37] [Render thread/INFO]: Preparing start region for dimension minecraft:overworld
[19:43:41] [Render thread/INFO]: Changing view distance to 11, from 10
[19:43:41] [Render thread/INFO]: MineRLAgent0[local:E:b1336f00] logged in with entity id 2258 at (114.5, 65.0, 810.5)
[19:43:41] [Render thread/INFO]: MineRLAgent0 joined the game
[19:43:41] [Render thread/INFO]: Preparing spawn area: 36%
[19:43:41] [Render thread/INFO]: Time elapsed: 2 ms
[19:43:42] [Render thread/INFO]: [STDOUT]: Starting new video null
[19:43:42] [Render thread/INFO]: Saving and pausing game...
[19:43:42] [Render thread/INFO]: Saving chunks for level 'ServerLevel[mcpworlda03acd2ff2d8]'/minecraft:overworld
[19:43:42] [Render thread/INFO]: Saving chunks for level 'ServerLevel[mcpworlda03acd2ff2d8]'/minecraft:the_nether
[19:43:42] [Render thread/INFO]: Saving chunks for level 'ServerLevel[mcpworlda03acd2ff2d8]'/minecraft:the_end
[19:43:42] [Render thread/INFO]: Loaded 0 advancements
