[01:42:43] [Thread-4/INFO]: [STDOUT]: SERVER enter state: DORMANT
[01:42:43] [EnvServerSocketHandler/INFO]: Received Mission token be36eaff-2e25-4722-afe5-3485d6735569:0:0:1:true
[01:42:43] [EnvServerSocketHandler/INFO]: Received mission init command  <MissionInit xmlns="http://ProjectMalmo.microsoft.com" xmlns:xsi="http://www.w3.org/2001/XMLSchema-instance" SchemaVersion="" PlatformVersion="0.37.0"><Mission><About><Summary>MineRLBasaltFindCave-v0</Summary></About><ModSettings><MsPerTick>50</MsPerTick></ModSettings><ServerSection><ServerInitialConditions><Time><AllowPassageOfTime>false</AllowPassageOfTime></Time><AllowSpawning>true</AllowSpawning></ServerInitialConditions><ServerHandlers><DefaultWorldGenerator forceReset="true" generatorOptions="{}"/><ServerQuitFromTimeUp timeLimitMs="180000" description="out_of_time"/><ServerQuitWhenAnyAgentFinishes/></ServerHandlers></ServerSection><AgentSection mode="Survival"><Name>MineRLAgent0</Name><AgentStart><LowLevelInputs>true</LowLevelInputs><GuiScale>1.0</GuiScale><GammaSetting>2.0</GammaSetting><FOVSetting>70.0</FOVSetting><FakeCursorSize>16</FakeCursorSize><Inventory/><PreferredSpawnBiome>plains</PreferredSpawnBiome><DoneOnDeath>true</DoneOnDeath></AgentStart><AgentHandlers><FileBasedPerformanceProducer/><PauseCommand/><VideoProducer want_depth="false"><Width>640</Width><Height>360</Height></VideoProducer><HumanLevelCommands/><CameraCommands/></AgentHandlers></AgentSection></Mission><ExperimentUID>be36eaff-2e25-4722-afe5-3485d6735569</ExperimentUID><ClientRole>0</ClientRole><ClientAgentConnection><ClientIPAddress>127.0.0.1</ClientIPAddress><ClientMissionControlPort>0</ClientMissionControlPort><ClientCommandsPort>0</ClientCommandsPort><AgentIPAddress>127.0.0.1</AgentIPAddress><AgentMissionControlPort>0</AgentMissionControlPort><AgentVideoPort>0</AgentVideoPort><AgentDepthPort>0</AgentDepthPort><AgentLuminancePort>0</AgentLuminancePort><AgentObservationsPort>0</AgentObservationsPort><AgentRewardsPort>0</AgentRewardsPort><AgentColourMapPort>0</AgentColourMapPort></ClientAgentConnection></MissionInit>
[01:42:43] [EnvServerSocketHandler/INFO]: [STDOUT]: Setting width, height to 640, 360
[01:42:43] [EnvServerSocketHandler/INFO]: [STDOUT]: Gamma: 2.0
[01:42:43] [EnvServerSocketHandler/INFO]: [STDOUT]: FOV: 70.0
[01:42:43] [EnvServerSocketHandler/INFO]: [STDOUT]: GuiScale: 1.0
[01:42:43] [Render thread/INFO]: [STDOUT]: Seed not provided, generating random one: -7933949729924122031
[01:42:44] [Render thread/WARN]: Ambiguity between arguments [teleport, destination] and [teleport, targets] with inputs: [Player, 0123, @e, dd12be42-52a9-4a91-a8a1-11c01849e498]
[01:42:44] [Render thread/WARN]: Ambiguity between arguments [teleport, location] and [teleport, destination] with inputs: [0.1 -0.5 .9, 0 0 0]
[01:42:44] [Render thread/WARN]: Ambiguity between arguments [teleport, location] and [teleport, targets] with inputs: [0.1 -0.5 .9, 0 0 0]
[01:42:44] [Render thread/WARN]: Ambiguity between arguments [teleport, targets] and [teleport, destination] with inputs: [Player, 0123, dd12be42-52a9-4a91-a8a1-11c01849e498]
[01:42:44] [Render thread/WARN]: Ambiguity between arguments [teleport, targets, location] and [teleport, targets, destination] with inputs: [0.1 -0.5 .9, 0 0 0]
[01:42:44] [Render thread/INFO]: Reloading ResourceManager: Default
[01:42:44] [Render thread/INFO]: Loaded 7 recipes
[01:42:44] [Render thread/INFO]: Loaded 927 advancements
[01:42:44] [Render thread/INFO]: Environment: authHost='https://authserver.mojang.com', accountsHost='https://api.mojang.com', sessionHost='https://sessionserver.mojang.com', servicesHost='https://api.minecraftservices.com', name='PROD'
[01:42:44] [Render thread/INFO]: Starting integrated minecraft server version 1.16.5
[01:42:44] [Render thread/INFO]: Generating keypair
[01:42:46] [Render thread/INFO]: Preparing start region for dimension minecraft:overworld
[01:42:51] [Render thread/INFO]: Changing view distance to 11, from 10
[01:42:51] [Render thread/INFO]: MineRLAgent0[local:E:32144113] logged in with entity id 163 at (-769.5, 64.0, -4.5)
[01:42:51] [Render thread/INFO]: MineRLAgent0 joined the game
[01:42:52] [Render thread/INFO]: [STDOUT]: *** creating fake mouse cursor ***
[01:42:52] [Render thread/INFO]: Preparing spawn area: 0%
[01:42:52] [Render thread/INFO]: Time elapsed: 3 ms
[01:42:52] [Render thread/INFO]: [STDOUT]: Starting new video null
[01:42:52] [Render thread/INFO]: Saving and pausing game...
[01:42:52] [Render thread/INFO]: Saving chunks for level 'ServerLevel[mcpworld4dba9b57f432]'/minecraft:overworld
[01:42:52] [Render thread/INFO]: Saving chunks for level 'ServerLevel[mcpworld4dba9b57f432]'/minecraft:the_nether
[01:42:52] [Render thread/INFO]: Saving chunks for level 'ServerLevel[mcpworld4dba9b57f432]'/minecraft:the_end
[01:42:53] [Render thread/INFO]: Loaded 0 advancements
[01:42:55] [EnvServerSocketHandler/INFO]: [STDOUT]: *** Stopping the replay, returning control to the inputs
[01:42:55] [EnvServerSocketHandler/INFO]: Received Mission token 56f628ea-76cb-4184-bc1c-cd0f869e7f06:0:0:1:true
[01:42:55] [EnvServerSocketHandler/INFO]: Received mission init command  <MissionInit xmlns="http://ProjectMalmo.microsoft.com" xmlns:xsi="http://www.w3.org/2001/XMLSchema-instance" SchemaVersion="" PlatformVersion="0.37.0"><Mission><About><Summary>MineRLBasaltFindCave-v0</Summary></About><ModSettings><MsPerTick>50</MsPerTick></ModSettings><ServerSection><ServerInitialConditions><Time><AllowPassageOfTime>false</AllowPassageOfTime></Time><AllowSpawning>true</AllowSpawning></ServerInitialConditions><ServerHandlers><DefaultWorldGenerator forceReset="true" generatorOptions="{}"/><ServerQuitFromTimeUp timeLimitMs="180000" description="out_of_time"/><ServerQuitWhenAnyAgentFinishes/></ServerHandlers></ServerSection><AgentSection mode="Survival"><Name>MineRLAgent0</Name><AgentStart><LowLevelInputs>true</LowLevelInputs><GuiScale>1.0</GuiScale><GammaSetting>2.0</GammaSetting><FOVSetting>70.0</FOVSetting><FakeCursorSize>16</FakeCursorSize><Inventory/><PreferredSpawnBiome>plains</PreferredSpawnBiome><DoneOnDeath>true</DoneOnDeath></AgentStart><AgentHandlers><FileBasedPerformanceProducer/><PauseCommand/><VideoProducer want_depth="false"><Width>640</Width><Height>360</Height></VideoProducer><HumanLevelCommands/><CameraCommands/></AgentHandlers></AgentSection></Mission><ExperimentUID>56f628ea-76cb-4184-bc1c-cd0f869e7f06</ExperimentUID><ClientRole>0</ClientRole><ClientAgentConnection><ClientIPAddress>127.0.0.1</ClientIPAddress><ClientMissionControlPort>0</ClientMissionControlPort><ClientCommandsPort>0</ClientCommandsPort><AgentIPAddress>127.0.0.1</AgentIPAddress><AgentMissionControlPort>0</AgentMissionControlPort><AgentVideoPort>0</AgentVideoPort><AgentDepthPort>0</AgentDepthPort><AgentLuminancePort>0</AgentLuminancePort><AgentObservationsPort>0</AgentObservationsPort><AgentRewardsPort>0</AgentRewardsPort><AgentColourMapPort>0</AgentColourMapPort></ClientAgentConnection></MissionInit>
[01:42:55] [EnvServerSocketHandler/INFO]: [STDOUT]: Setting width, height to 640, 360
[01:42:55] [EnvServerSocketHandler/INFO]: [STDOUT]: Gamma: 2.0
[01:42:55] [EnvServerSocketHandler/INFO]: [STDOUT]: FOV: 70.0
[01:42:55] [EnvServerSocketHandler/INFO]: [STDOUT]: GuiScale: 1.0
[01:42:55] [Render thread/INFO]: [STDOUT]: Seed not provided, generating random one: 3202241205369214351
[01:42:55] [Render thread/WARN]: Ambiguity between arguments [teleport, destination] and [teleport, targets] with inputs: [Player, 0123, @e, dd12be42-52a9-4a91-a8a1-11c01849e498]
[01:42:55] [Render thread/WARN]: Ambiguity between arguments [teleport, location] and [teleport, destination] with inputs: [0.1 -0.5 .9, 0 0 0]
[01:42:55] [Render thread/WARN]: Ambiguity between arguments [teleport, location] and [teleport, targets] with inputs: [0.1 -0.5 .9, 0 0 0]
[01:42:55] [Render thread/WARN]: Ambiguity between arguments [teleport, targets] and [teleport, destination] with inputs: [Player, 0123, dd12be42-52a9-4a91-a8a1-11c01849e498]
[01:42:55] [Render thread/WARN]: Ambiguity between arguments [teleport, targets, location] and [teleport, targets, destination] with inputs: [0.1 -0.5 .9, 0 0 0]
[01:42:55] [Render thread/INFO]: Reloading ResourceManager: Default
[01:42:55] [Render thread/INFO]: Loaded 7 recipes
[01:42:55] [Render thread/INFO]: Loaded 927 advancements
[01:42:56] [Render thread/INFO]: Environment: authHost='https://authserver.mojang.com', accountsHost='https://api.mojang.com', sessionHost='https://sessionserver.mojang.com', servicesHost='https://api.minecraftservices.com', name='PROD'
[01:42:56] [Render thread/INFO]: Starting integrated minecraft server version 1.16.5
[01:42:56] [Render thread/INFO]: Generating keypair
[01:42:57] [Render thread/INFO]: Preparing start region for dimension minecraft:overworld
[01:43:01] [Render thread/INFO]: Changing view distance to 11, from 10
[01:43:01] [Render thread/INFO]: MineRLAgent0[local:E:f852cd60] logged in with entity id 573 at (-801.5, 69.0, -4.5)
[01:43:01] [Render thread/INFO]: MineRLAgent0 joined the game
[01:43:01] [Render thread/INFO]: Preparing spawn area: 17%
[01:43:01] [Render thread/INFO]: Time elapsed: 2 ms
[01:43:01] [Render thread/INFO]: [STDOUT]: Starting new video null
[01:43:01] [Render thread/INFO]: Saving and pausing game...
[01:43:01] [Render thread/INFO]: Saving chunks for level 'ServerLevel[mcpworld4a63534e8166]'/minecraft:overworld
[01:43:02] [Render thread/INFO]: Saving chunks for level 'ServerLevel[mcpworld4a63534e8166]'/minecraft:the_nether
[01:43:02] [Render thread/INFO]: Saving chunks for level 'ServerLevel[mcpworld4a63534e8166]'/minecraft:the_end
[01:43:02] [Render thread/INFO]: Loaded 0 advancements
[01:43:16] [Render thread/INFO]: Loaded 7 advancements
[01:43:31] [EnvServerSocketHandler/INFO]: [STDOUT]: *** Stopping the replay, returning control to the inputs
