[22:30:41] [Thread-4/INFO]: [STDOUT]: SERVER enter state: DORMANT
[22:30:41] [EnvServerSocketHandler/INFO]: Received Mission token 667f5069-b7a8-44f9-b37b-9c6e3e9e402d:0:0:1:true
[22:30:41] [EnvServerSocketHandler/INFO]: Received mission init command  <MissionInit xmlns="http://ProjectMalmo.microsoft.com" xmlns:xsi="http://www.w3.org/2001/XMLSchema-instance" SchemaVersion="" PlatformVersion="0.37.0"><Mission><About><Summary>MineRLBasaltFindCave-v0</Summary></About><ModSettings><MsPerTick>50</MsPerTick></ModSettings><ServerSection><ServerInitialConditions><Time><AllowPassageOfTime>false</AllowPassageOfTime></Time><AllowSpawning>true</AllowSpawning></ServerInitialConditions><ServerHandlers><DefaultWorldGenerator forceReset="true" generatorOptions="{}"/><ServerQuitFromTimeUp timeLimitMs="180000" description="out_of_time"/><ServerQuitWhenAnyAgentFinishes/></ServerHandlers></ServerSection><AgentSection mode="Survival"><Name>MineRLAgent0</Name><AgentStart><LowLevelInputs>true</LowLevelInputs><GuiScale>1.0</GuiScale><GammaSetting>2.0</GammaSetting><FOVSetting>70.0</FOVSetting><FakeCursorSize>16</FakeCursorSize><Inventory/><PreferredSpawnBiome>plains</PreferredSpawnBiome><DoneOnDeath>true</DoneOnDeath></AgentStart><AgentHandlers><FileBasedPerformanceProducer/><PauseCommand/><VideoProducer want_depth="false"><Width>640</Width><Height>360</Height></VideoProducer><HumanLevelCommands/><CameraCommands/></AgentHandlers></AgentSection></Mission><ExperimentUID>667f5069-b7a8-44f9-b37b-9c6e3e9e402d</ExperimentUID><ClientRole>0</ClientRole><ClientAgentConnection><ClientIPAddress>127.0.0.1</ClientIPAddress><ClientMissionControlPort>0</ClientMissionControlPort><ClientCommandsPort>0</ClientCommandsPort><AgentIPAddress>127.0.0.1</AgentIPAddress><AgentMissionControlPort>0</AgentMissionControlPort><AgentVideoPort>0</AgentVideoPort><AgentDepthPort>0</AgentDepthPort><AgentLuminancePort>0</AgentLuminancePort><AgentObservationsPort>0</AgentObservationsPort><AgentRewardsPort>0</AgentRewardsPort><AgentColourMapPort>0</AgentColourMapPort></ClientAgentConnection></MissionInit>
[22:30:42] [EnvServerSocketHandler/INFO]: [STDOUT]: Setting width, height to 640, 360
[22:30:42] [EnvServerSocketHandler/INFO]: [STDOUT]: Gamma: 2.0
[22:30:42] [EnvServerSocketHandler/INFO]: [STDOUT]: FOV: 70.0
[22:30:42] [EnvServerSocketHandler/INFO]: [STDOUT]: GuiScale: 1.0
[22:30:42] [Render thread/INFO]: [STDOUT]: Seed not provided, generating random one: -7078500885080341871
[22:30:42] [Render thread/WARN]: Ambiguity between arguments [teleport, destination] and [teleport, targets] with inputs: [Player, 0123, @e, dd12be42-52a9-4a91-a8a1-11c01849e498]
[22:30:42] [Render thread/WARN]: Ambiguity between arguments [teleport, location] and [teleport, destination] with inputs: [0.1 -0.5 .9, 0 0 0]
[22:30:42] [Render thread/WARN]: Ambiguity between arguments [teleport, location] and [teleport, targets] with inputs: [0.1 -0.5 .9, 0 0 0]
[22:30:42] [Render thread/WARN]: Ambiguity between arguments [teleport, targets] and [teleport, destination] with inputs: [Player, 0123, dd12be42-52a9-4a91-a8a1-11c01849e498]
[22:30:42] [Render thread/WARN]: Ambiguity between arguments [teleport, targets, location] and [teleport, targets, destination] with inputs: [0.1 -0.5 .9, 0 0 0]
[22:30:42] [Render thread/INFO]: Reloading ResourceManager: Default
[22:30:42] [Render thread/INFO]: Loaded 7 recipes
[22:30:42] [Render thread/INFO]: Loaded 927 advancements
[22:30:42] [Render thread/INFO]: Environment: authHost='https://authserver.mojang.com', accountsHost='https://api.mojang.com', sessionHost='https://sessionserver.mojang.com', servicesHost='https://api.minecraftservices.com', name='PROD'
[22:30:42] [Render thread/INFO]: Starting integrated minecraft server version 1.16.5
[22:30:42] [Render thread/INFO]: Generating keypair
[22:30:45] [Render thread/INFO]: Preparing start region for dimension minecraft:overworld
[22:30:49] [Render thread/INFO]: Changing view distance to 11, from 10
[22:30:49] [Render thread/INFO]: MineRLAgent0[local:E:47e66e25] logged in with entity id 265 at (434.5, 72.0, 362.5)
[22:30:49] [Render thread/INFO]: MineRLAgent0 joined the game
[22:30:49] [Render thread/INFO]: Preparing spawn area: 2%
[22:30:49] [Render thread/INFO]: Time elapsed: 3 ms
[22:30:49] [Render thread/INFO]: [STDOUT]: *** creating fake mouse cursor ***
[22:30:50] [Render thread/INFO]: [STDOUT]: Starting new video null
[22:30:50] [Render thread/INFO]: Saving and pausing game...
[22:30:50] [Render thread/INFO]: Saving chunks for level 'ServerLevel[mcpworldf8a510abb206]'/minecraft:overworld
[22:30:50] [Render thread/INFO]: Saving chunks for level 'ServerLevel[mcpworldf8a510abb206]'/minecraft:the_nether
[22:30:50] [Render thread/INFO]: Saving chunks for level 'ServerLevel[mcpworldf8a510abb206]'/minecraft:the_end
[22:30:50] [Render thread/INFO]: Loaded 0 advancements
[22:30:53] [EnvServerSocketHandler/INFO]: [STDOUT]: *** Stopping the replay, returning control to the inputs
[22:30:53] [EnvServerSocketHandler/INFO]: Received Mission token 65b050c3-1492-4aed-aaf7-e2d659a431a4:0:0:1:true
[22:30:53] [EnvServerSocketHandler/INFO]: Received mission init command  <MissionInit xmlns="http://ProjectMalmo.microsoft.com" xmlns:xsi="http://www.w3.org/2001/XMLSchema-instance" SchemaVersion="" PlatformVersion="0.37.0"><Mission><About><Summary>MineRLBasaltFindCave-v0</Summary></About><ModSettings><MsPerTick>50</MsPerTick></ModSettings><ServerSection><ServerInitialConditions><Time><AllowPassageOfTime>false</AllowPassageOfTime></Time><AllowSpawning>true</AllowSpawning></ServerInitialConditions><ServerHandlers><DefaultWorldGenerator forceReset="true" generatorOptions="{}"/><ServerQuitFromTimeUp timeLimitMs="180000" description="out_of_time"/><ServerQuitWhenAnyAgentFinishes/></ServerHandlers></ServerSection><AgentSection mode="Survival"><Name>MineRLAgent0</Name><AgentStart><LowLevelInputs>true</LowLevelInputs><GuiScale>1.0</GuiScale><GammaSetting>2.0</GammaSetting><FOVSetting>70.0</FOVSetting><FakeCursorSize>16</FakeCursorSize><Inventory/><PreferredSpawnBiome>plains</PreferredSpawnBiome><DoneOnDeath>true</DoneOnDeath></AgentStart><AgentHandlers><FileBasedPerformanceProducer/><PauseCommand/><VideoProducer want_depth="false"><Width>640</Width><Height>360</Height></VideoProducer><HumanLevelCommands/><CameraCommands/></AgentHandlers></AgentSection></Mission><ExperimentUID>65b050c3-1492-4aed-aaf7-e2d659a431a4</ExperimentUID><ClientRole>0</ClientRole><ClientAgentConnection><ClientIPAddress>127.0.0.1</ClientIPAddress><ClientMissionControlPort>0</ClientMissionControlPort><ClientCommandsPort>0</ClientCommandsPort><AgentIPAddress>127.0.0.1</AgentIPAddress><AgentMissionControlPort>0</AgentMissionControlPort><AgentVideoPort>0</AgentVideoPort><AgentDepthPort>0</AgentDepthPort><AgentLuminancePort>0</AgentLuminancePort><AgentObservationsPort>0</AgentObservationsPort><AgentRewardsPort>0</AgentRewardsPort><AgentColourMapPort>0</AgentColourMapPort></ClientAgentConnection></MissionInit>
[22:30:53] [EnvServerSocketHandler/INFO]: [STDOUT]: Setting width, height to 640, 360
[22:30:53] [EnvServerSocketHandler/INFO]: [STDOUT]: Gamma: 2.0
[22:30:53] [EnvServerSocketHandler/INFO]: [STDOUT]: FOV: 70.0
[22:30:53] [EnvServerSocketHandler/INFO]: [STDOUT]: GuiScale: 1.0
[22:30:53] [Render thread/INFO]: [STDOUT]: Seed not provided, generating random one: 8558168587663779197
[22:30:53] [Render thread/WARN]: Ambiguity between arguments [teleport, destination] and [teleport, targets] with inputs: [Player, 0123, @e, dd12be42-52a9-4a91-a8a1-11c01849e498]
[22:30:53] [Render thread/WARN]: Ambiguity between arguments [teleport, location] and [teleport, destination] with inputs: [0.1 -0.5 .9, 0 0 0]
[22:30:53] [Render thread/WARN]: Ambiguity between arguments [teleport, location] and [teleport, targets] with inputs: [0.1 -0.5 .9, 0 0 0]
[22:30:53] [Render thread/WARN]: Ambiguity between arguments [teleport, targets] and [teleport, destination] with inputs: [Player, 0123, dd12be42-52a9-4a91-a8a1-11c01849e498]
[22:30:53] [Render thread/WARN]: Ambiguity between arguments [teleport, targets, location] and [teleport, targets, destination] with inputs: [0.1 -0.5 .9, 0 0 0]
[22:30:53] [Render thread/INFO]: Reloading ResourceManager: Default
[22:30:53] [Render thread/INFO]: Loaded 7 recipes
[22:30:53] [Render thread/INFO]: Loaded 927 advancements
[22:30:54] [Render thread/INFO]: Environment: authHost='https://authserver.mojang.com', accountsHost='https://api.mojang.com', sessionHost='https://sessionserver.mojang.com', servicesHost='https://api.minecraftservices.com', name='PROD'
[22:30:54] [Render thread/INFO]: Starting integrated minecraft server version 1.16.5
[22:30:54] [Render thread/INFO]: Generating keypair
[22:30:56] [Render thread/INFO]: Preparing start region for dimension minecraft:overworld
[22:31:00] [Render thread/INFO]: Changing view distance to 11, from 10
[22:31:00] [Render thread/INFO]: MineRLAgent0[local:E:9f5e0155] logged in with entity id 744 at (486.5, 63.0, -242.5)
[22:31:00] [Render thread/INFO]: MineRLAgent0 joined the game
[22:31:00] [Render thread/INFO]: Preparing spawn area: 53%
[22:31:00] [Render thread/INFO]: Time elapsed: 1 ms
[22:31:00] [Render thread/INFO]: [STDOUT]: Starting new video null
[22:31:00] [Render thread/INFO]: Saving and pausing game...
[22:31:00] [Render thread/INFO]: Saving chunks for level 'ServerLevel[mcpworldc0ec38a1a17c]'/minecraft:overworld
[22:31:00] [Render thread/INFO]: Saving chunks for level 'ServerLevel[mcpworldc0ec38a1a17c]'/minecraft:the_nether
[22:31:00] [Render thread/INFO]: Saving chunks for level 'ServerLevel[mcpworldc0ec38a1a17c]'/minecraft:the_end
[22:31:00] [Render thread/INFO]: Loaded 0 advancements
[22:31:11] [Render thread/INFO]: Loaded 7 advancements
