[00:21:57] [Thread-4/INFO]: [STDOUT]: SERVER enter state: DORMANT
[00:21:57] [EnvServerSocketHandler/INFO]: Received Mission token c5c04ce8-c5b3-491d-ab7b-a064d74b8aa5:0:0:1:true
[00:21:57] [EnvServerSocketHandler/INFO]: Received mission init command  <MissionInit xmlns="http://ProjectMalmo.microsoft.com" xmlns:xsi="http://www.w3.org/2001/XMLSchema-instance" SchemaVersion="" PlatformVersion="0.37.0"><Mission><About><Summary>MineRLBasaltFindCave-v0</Summary></About><ModSettings><MsPerTick>50</MsPerTick></ModSettings><ServerSection><ServerInitialConditions><Time><AllowPassageOfTime>false</AllowPassageOfTime></Time><AllowSpawning>true</AllowSpawning></ServerInitialConditions><ServerHandlers><DefaultWorldGenerator forceReset="true" generatorOptions="{}"/><ServerQuitFromTimeUp timeLimitMs="180000" description="out_of_time"/><ServerQuitWhenAnyAgentFinishes/></ServerHandlers></ServerSection><AgentSection mode="Survival"><Name>MineRLAgent0</Name><AgentStart><LowLevelInputs>true</LowLevelInputs><GuiScale>1.0</GuiScale><GammaSetting>2.0</GammaSetting><FOVSetting>70.0</FOVSetting><FakeCursorSize>16</FakeCursorSize><Inventory/><PreferredSpawnBiome>plains</PreferredSpawnBiome><DoneOnDeath>true</DoneOnDeath></AgentStart><AgentHandlers><FileBasedPerformanceProducer/><PauseCommand/><VideoProducer want_depth="false"><Width>640</Width><Height>360</Height></VideoProducer><HumanLevelCommands/><CameraCommands/></AgentHandlers></AgentSection></Mission><ExperimentUID>c5c04ce8-c5b3-491d-ab7b-a064d74b8aa5</ExperimentUID><ClientRole>0</ClientRole><ClientAgentConnection><ClientIPAddress>127.0.0.1</ClientIPAddress><ClientMissionControlPort>0</ClientMissionControlPort><ClientCommandsPort>0</ClientCommandsPort><AgentIPAddress>127.0.0.1</AgentIPAddress><AgentMissionControlPort>0</AgentMissionControlPort><AgentVideoPort>0</AgentVideoPort><AgentDepthPort>0</AgentDepthPort><AgentLuminancePort>0</AgentLuminancePort><AgentObservationsPort>0</AgentObservationsPort><AgentRewardsPort>0</AgentRewardsPort><AgentColourMapPort>0</AgentColourMapPort></ClientAgentConnection></MissionInit>
[00:21:57] [EnvServerSocketHandler/INFO]: [STDOUT]: Setting width, height to 640, 360
[00:21:57] [EnvServerSocketHandler/INFO]: [STDOUT]: Gamma: 2.0
[00:21:57] [EnvServerSocketHandler/INFO]: [STDOUT]: FOV: 70.0
[00:21:57] [EnvServerSocketHandler/INFO]: [STDOUT]: GuiScale: 1.0
[00:21:57] [Render thread/INFO]: [STDOUT]: Seed not provided, generating random one: 5229439269368474169
[00:21:57] [Render thread/WARN]: Ambiguity between arguments [teleport, destination] and [teleport, targets] with inputs: [Player, 0123, @e, dd12be42-52a9-4a91-a8a1-11c01849e498]
[00:21:57] [Render thread/WARN]: Ambiguity between arguments [teleport, location] and [teleport, destination] with inputs: [0.1 -0.5 .9, 0 0 0]
[00:21:57] [Render thread/WARN]: Ambiguity between arguments [teleport, location] and [teleport, targets] with inputs: [0.1 -0.5 .9, 0 0 0]
[00:21:57] [Render thread/WARN]: Ambiguity between arguments [teleport, targets] and [teleport, destination] with inputs: [Player, 0123, dd12be42-52a9-4a91-a8a1-11c01849e498]
[00:21:57] [Render thread/WARN]: Ambiguity between arguments [teleport, targets, location] and [teleport, targets, destination] with inputs: [0.1 -0.5 .9, 0 0 0]
[00:21:57] [Render thread/INFO]: Reloading ResourceManager: Default
[00:21:57] [Render thread/INFO]: Loaded 7 recipes
[00:21:58] [Render thread/INFO]: Loaded 927 advancements
[00:21:58] [Render thread/INFO]: Environment: authHost='https://authserver.mojang.com', accountsHost='https://api.mojang.com', sessionHost='https://sessionserver.mojang.com', servicesHost='https://api.minecraftservices.com', name='PROD'
[00:21:58] [Render thread/INFO]: Starting integrated minecraft server version 1.16.5
[00:21:58] [Render thread/INFO]: Generating keypair
[00:22:00] [Render thread/INFO]: Preparing start region for dimension minecraft:overworld
[00:22:06] [Render thread/INFO]: Changing view distance to 11, from 10
[00:22:06] [Render thread/INFO]: MineRLAgent0[local:E:6ed4baa6] logged in with entity id 336 at (-797.5, 68.0, -453.5)
[00:22:06] [Render thread/INFO]: MineRLAgent0 joined the game
[00:22:06] [Render thread/INFO]: Preparing spawn area: 13%
[00:22:06] [Render thread/INFO]: Time elapsed: 3 ms
[00:22:06] [Render thread/INFO]: [STDOUT]: *** creating fake mouse cursor ***
[00:22:06] [Render thread/INFO]: [STDOUT]: Starting new video null
[00:22:06] [Render thread/INFO]: Saving and pausing game...
[00:22:06] [Render thread/INFO]: Saving chunks for level 'ServerLevel[mcpworlde02843b367f5]'/minecraft:overworld
[00:22:07] [Render thread/INFO]: Saving chunks for level 'ServerLevel[mcpworlde02843b367f5]'/minecraft:the_nether
[00:22:07] [Render thread/INFO]: Saving chunks for level 'ServerLevel[mcpworlde02843b367f5]'/minecraft:the_end
[00:22:07] [Render thread/INFO]: Loaded 0 advancements
[00:22:10] [EnvServerSocketHandler/INFO]: [STDOUT]: *** Stopping the replay, returning control to the inputs
[00:22:10] [EnvServerSocketHandler/INFO]: Received Mission token 9516e326-c720-42f5-91fe-ac8a3e5d0d89:0:0:1:true
[00:22:10] [EnvServerSocketHandler/INFO]: Received mission init command  <MissionInit xmlns="http://ProjectMalmo.microsoft.com" xmlns:xsi="http://www.w3.org/2001/XMLSchema-instance" SchemaVersion="" PlatformVersion="0.37.0"><Mission><About><Summary>MineRLBasaltFindCave-v0</Summary></About><ModSettings><MsPerTick>50</MsPerTick></ModSettings><ServerSection><ServerInitialConditions><Time><AllowPassageOfTime>false</AllowPassageOfTime></Time><AllowSpawning>true</AllowSpawning></ServerInitialConditions><ServerHandlers><DefaultWorldGenerator forceReset="true" generatorOptions="{}"/><ServerQuitFromTimeUp timeLimitMs="180000" description="out_of_time"/><ServerQuitWhenAnyAgentFinishes/></ServerHandlers></ServerSection><AgentSection mode="Survival"><Name>MineRLAgent0</Name><AgentStart><LowLevelInputs>true</LowLevelInputs><GuiScale>1.0</GuiScale><GammaSetting>2.0</GammaSetting><FOVSetting>70.0</FOVSetting><FakeCursorSize>16</FakeCursorSize><Inventory/><PreferredSpawnBiome>plains</PreferredSpawnBiome><DoneOnDeath>true</DoneOnDeath></AgentStart><AgentHandlers><FileBasedPerformanceProducer/><PauseCommand/><VideoProducer want_depth="false"><Width>640</Width><Height>360</Height></VideoProducer><HumanLevelCommands/><CameraCommands/></AgentHandlers></AgentSection></Mission><ExperimentUID>9516e326-c720-42f5-91fe-ac8a3e5d0d89</ExperimentUID><ClientRole>0</ClientRole><ClientAgentConnection><ClientIPAddress>127.0.0.1</ClientIPAddress><ClientMissionControlPort>0</ClientMissionControlPort><ClientCommandsPort>0</ClientCommandsPort><AgentIPAddress>127.0.0.1</AgentIPAddress><AgentMissionControlPort>0</AgentMissionControlPort><AgentVideoPort>0</AgentVideoPort><AgentDepthPort>0</AgentDepthPort><AgentLuminancePort>0</AgentLuminancePort><AgentObservationsPort>0</AgentObservationsPort><AgentRewardsPort>0</AgentRewardsPort><AgentColourMapPort>0</AgentColourMapPort></ClientAgentConnection></MissionInit>
[00:22:10] [EnvServerSocketHandler/INFO]: [STDOUT]: Setting width, height to 640, 360
[00:22:10] [EnvServerSocketHandler/INFO]: [STDOUT]: Gamma: 2.0
[00:22:10] [EnvServerSocketHandler/INFO]: [STDOUT]: FOV: 70.0
[00:22:10] [EnvServerSocketHandler/INFO]: [STDOUT]: GuiScale: 1.0
[00:22:10] [Render thread/INFO]: [STDOUT]: Seed not provided, generating random one: 5906543340714401010
[00:22:10] [Render thread/WARN]: Ambiguity between arguments [teleport, destination] and [teleport, targets] with inputs: [Player, 0123, @e, dd12be42-52a9-4a91-a8a1-11c01849e498]
[00:22:10] [Render thread/WARN]: Ambiguity between arguments [teleport, location] and [teleport, destination] with inputs: [0.1 -0.5 .9, 0 0 0]
[00:22:10] [Render thread/WARN]: Ambiguity between arguments [teleport, location] and [teleport, targets] with inputs: [0.1 -0.5 .9, 0 0 0]
[00:22:10] [Render thread/WARN]: Ambiguity between arguments [teleport, targets] and [teleport, destination] with inputs: [Player, 0123, dd12be42-52a9-4a91-a8a1-11c01849e498]
[00:22:10] [Render thread/WARN]: Ambiguity between arguments [teleport, targets, location] and [teleport, targets, destination] with inputs: [0.1 -0.5 .9, 0 0 0]
[00:22:10] [Render thread/INFO]: Reloading ResourceManager: Default
[00:22:10] [Render thread/INFO]: Loaded 7 recipes
[00:22:10] [Render thread/INFO]: Loaded 927 advancements
[00:22:10] [Render thread/INFO]: Environment: authHost='https://authserver.mojang.com', accountsHost='https://api.mojang.com', sessionHost='https://sessionserver.mojang.com', servicesHost='https://api.minecraftservices.com', name='PROD'
[00:22:10] [Render thread/INFO]: Starting integrated minecraft server version 1.16.5
[00:22:10] [Render thread/INFO]: Generating keypair
[00:22:13] [Render thread/INFO]: Preparing start region for dimension minecraft:overworld
[00:22:18] [Render thread/INFO]: Changing view distance to 11, from 10
[00:22:18] [Render thread/INFO]: MineRLAgent0[local:E:c0260860] logged in with entity id 1063 at (642.5, 69.0, 698.5)
[00:22:18] [Render thread/INFO]: MineRLAgent0 joined the game
[00:22:18] [Render thread/INFO]: Preparing spawn area: 34%
[00:22:18] [Render thread/INFO]: Time elapsed: 2 ms
[00:22:18] [Render thread/INFO]: [STDOUT]: Starting new video null
[00:22:18] [Render thread/INFO]: Saving and pausing game...
[00:22:18] [Render thread/INFO]: Saving chunks for level 'ServerLevel[mcpworld963ab3437243]'/minecraft:overworld
[00:22:18] [Render thread/INFO]: Saving chunks for level 'ServerLevel[mcpworld963ab3437243]'/minecraft:the_nether
[00:22:18] [Render thread/INFO]: Saving chunks for level 'ServerLevel[mcpworld963ab3437243]'/minecraft:the_end
[00:22:19] [Render thread/INFO]: Loaded 0 advancements
