[02:34:56] [Thread-4/INFO]: [STDOUT]: SERVER enter state: DORMANT
[02:34:56] [EnvServerSocketHandler/INFO]: Received Mission token f122c176-2382-4171-bc52-6c5038b1bc34:0:0:1:true
[02:34:56] [EnvServerSocketHandler/INFO]: Received mission init command  <MissionInit xmlns="http://ProjectMalmo.microsoft.com" xmlns:xsi="http://www.w3.org/2001/XMLSchema-instance" SchemaVersion="" PlatformVersion="0.37.0"><Mission><About><Summary>MineRLBasaltFindCave-v0</Summary></About><ModSettings><MsPerTick>50</MsPerTick></ModSettings><ServerSection><ServerInitialConditions><Time><AllowPassageOfTime>false</AllowPassageOfTime></Time><AllowSpawning>true</AllowSpawning></ServerInitialConditions><ServerHandlers><DefaultWorldGenerator forceReset="true" generatorOptions="{}"/><ServerQuitFromTimeUp timeLimitMs="180000" description="out_of_time"/><ServerQuitWhenAnyAgentFinishes/></ServerHandlers></ServerSection><AgentSection mode="Survival"><Name>MineRLAgent0</Name><AgentStart><LowLevelInputs>true</LowLevelInputs><GuiScale>1.0</GuiScale><GammaSetting>2.0</GammaSetting><FOVSetting>70.0</FOVSetting><FakeCursorSize>16</FakeCursorSize><Inventory/><PreferredSpawnBiome>plains</PreferredSpawnBiome><DoneOnDeath>true</DoneOnDeath></AgentStart><AgentHandlers><FileBasedPerformanceProducer/><PauseCommand/><VideoProducer want_depth="false"><Width>640</Width><Height>360</Height></VideoProducer><HumanLevelCommands/><CameraCommands/></AgentHandlers></AgentSection></Mission><ExperimentUID>f122c176-2382-4171-bc52-6c5038b1bc34</ExperimentUID><ClientRole>0</ClientRole><ClientAgentConnection><ClientIPAddress>127.0.0.1</ClientIPAddress><ClientMissionControlPort>0</ClientMissionControlPort><ClientCommandsPort>0</ClientCommandsPort><AgentIPAddress>127.0.0.1</AgentIPAddress><AgentMissionControlPort>0</AgentMissionControlPort><AgentVideoPort>0</AgentVideoPort><AgentDepthPort>0</AgentDepthPort><AgentLuminancePort>0</AgentLuminancePort><AgentObservationsPort>0</AgentObservationsPort><AgentRewardsPort>0</AgentRewardsPort><AgentColourMapPort>0</AgentColourMapPort></ClientAgentConnection></MissionInit>
[02:34:57] [EnvServerSocketHandler/INFO]: [STDOUT]: Setting width, height to 640, 360
[02:34:57] [EnvServerSocketHandler/INFO]: [STDOUT]: Gamma: 2.0
[02:34:57] [EnvServerSocketHandler/INFO]: [STDOUT]: FOV: 70.0
[02:34:57] [EnvServerSocketHandler/INFO]: [STDOUT]: GuiScale: 1.0
[02:34:57] [Render thread/INFO]: [STDOUT]: Seed not provided, generating random one: -6678447441841378856
[02:34:57] [Render thread/WARN]: Ambiguity between arguments [teleport, destination] and [teleport, targets] with inputs: [Player, 0123, @e, dd12be42-52a9-4a91-a8a1-11c01849e498]
[02:34:57] [Render thread/WARN]: Ambiguity between arguments [teleport, location] and [teleport, destination] with inputs: [0.1 -0.5 .9, 0 0 0]
[02:34:57] [Render thread/WARN]: Ambiguity between arguments [teleport, location] and [teleport, targets] with inputs: [0.1 -0.5 .9, 0 0 0]
[02:34:57] [Render thread/WARN]: Ambiguity between arguments [teleport, targets] and [teleport, destination] with inputs: [Player, 0123, dd12be42-52a9-4a91-a8a1-11c01849e498]
[02:34:57] [Render thread/WARN]: Ambiguity between arguments [teleport, targets, location] and [teleport, targets, destination] with inputs: [0.1 -0.5 .9, 0 0 0]
[02:34:57] [Render thread/INFO]: Reloading ResourceManager: Default
[02:34:57] [Render thread/INFO]: Loaded 7 recipes
[02:34:57] [Render thread/INFO]: Loaded 927 advancements
[02:34:58] [Render thread/INFO]: Environment: authHost='https://authserver.mojang.com', accountsHost='https://api.mojang.com', sessionHost='https://sessionserver.mojang.com', servicesHost='https://api.minecraftservices.com', name='PROD'
[02:34:58] [Render thread/INFO]: Starting integrated minecraft server version 1.16.5
[02:34:58] [Render thread/INFO]: Generating keypair
[02:34:59] [Render thread/INFO]: Preparing start region for dimension minecraft:overworld
[02:35:04] [Render thread/INFO]: Changing view distance to 11, from 10
[02:35:05] [Render thread/INFO]: MineRLAgent0[local:E:8542cd35] logged in with entity id 220 at (-237.5, 68.0, 890.5)
[02:35:05] [Render thread/INFO]: MineRLAgent0 joined the game
[02:35:05] [Render thread/INFO]: [STDOUT]: *** creating fake mouse cursor ***
[02:35:05] [Render thread/INFO]: Preparing spawn area: 1%
[02:35:05] [Render thread/INFO]: Time elapsed: 2 ms
[02:35:05] [Render thread/INFO]: [STDOUT]: Starting new video null
[02:35:05] [Render thread/INFO]: Saving and pausing game...
[02:35:05] [Render thread/INFO]: Saving chunks for level 'ServerLevel[mcpworld83b53553a102]'/minecraft:overworld
[02:35:05] [Render thread/INFO]: Saving chunks for level 'ServerLevel[mcpworld83b53553a102]'/minecraft:the_nether
[02:35:05] [Render thread/INFO]: Saving chunks for level 'ServerLevel[mcpworld83b53553a102]'/minecraft:the_end
[02:35:06] [Render thread/INFO]: Loaded 0 advancements
[02:35:08] [EnvServerSocketHandler/INFO]: [STDOUT]: *** Stopping the replay, returning control to the inputs
[02:35:09] [EnvServerSocketHandler/INFO]: Received Mission token 13badc8f-bbe4-4833-896a-942570ff69d8:0:0:1:true
[02:35:09] [EnvServerSocketHandler/INFO]: Received mission init command  <MissionInit xmlns="http://ProjectMalmo.microsoft.com" xmlns:xsi="http://www.w3.org/2001/XMLSchema-instance" SchemaVersion="" PlatformVersion="0.37.0"><Mission><About><Summary>MineRLBasaltFindCave-v0</Summary></About><ModSettings><MsPerTick>50</MsPerTick></ModSettings><ServerSection><ServerInitialConditions><Time><AllowPassageOfTime>false</AllowPassageOfTime></Time><AllowSpawning>true</AllowSpawning></ServerInitialConditions><ServerHandlers><DefaultWorldGenerator forceReset="true" generatorOptions="{}"/><ServerQuitFromTimeUp timeLimitMs="180000" description="out_of_time"/><ServerQuitWhenAnyAgentFinishes/></ServerHandlers></ServerSection><AgentSection mode="Survival"><Name>MineRLAgent0</Name><AgentStart><LowLevelInputs>true</LowLevelInputs><GuiScale>1.0</GuiScale><GammaSetting>2.0</GammaSetting><FOVSetting>70.0</FOVSetting><FakeCursorSize>16</FakeCursorSize><Inventory/><PreferredSpawnBiome>plains</PreferredSpawnBiome><DoneOnDeath>true</DoneOnDeath></AgentStart><AgentHandlers><FileBasedPerformanceProducer/><PauseCommand/><VideoProducer want_depth="false"><Width>640</Width><Height>360</Height></VideoProducer><HumanLevelCommands/><CameraCommands/></AgentHandlers></AgentSection></Mission><ExperimentUID>13badc8f-bbe4-4833-896a-942570ff69d8</ExperimentUID><ClientRole>0</ClientRole><ClientAgentConnection><ClientIPAddress>127.0.0.1</ClientIPAddress><ClientMissionControlPort>0</ClientMissionControlPort><ClientCommandsPort>0</ClientCommandsPort><AgentIPAddress>127.0.0.1</AgentIPAddress><AgentMissionControlPort>0</AgentMissionControlPort><AgentVideoPort>0</AgentVideoPort><AgentDepthPort>0</AgentDepthPort><AgentLuminancePort>0</AgentLuminancePort><AgentObservationsPort>0</AgentObservationsPort><AgentRewardsPort>0</AgentRewardsPort><AgentColourMapPort>0</AgentColourMapPort></ClientAgentConnection></MissionInit>
[02:35:09] [EnvServerSocketHandler/INFO]: [STDOUT]: Setting width, height to 640, 360
[02:35:09] [EnvServerSocketHandler/INFO]: [STDOUT]: Gamma: 2.0
[02:35:09] [EnvServerSocketHandler/INFO]: [STDOUT]: FOV: 70.0
[02:35:09] [EnvServerSocketHandler/INFO]: [STDOUT]: GuiScale: 1.0
[02:35:09] [Render thread/INFO]: [STDOUT]: Seed not provided, generating random one: -8830063950874316086
[02:35:09] [Render thread/WARN]: Ambiguity between arguments [teleport, destination] and [teleport, targets] with inputs: [Player, 0123, @e, dd12be42-52a9-4a91-a8a1-11c01849e498]
[02:35:09] [Render thread/WARN]: Ambiguity between arguments [teleport, location] and [teleport, destination] with inputs: [0.1 -0.5 .9, 0 0 0]
[02:35:09] [Render thread/WARN]: Ambiguity between arguments [teleport, location] and [teleport, targets] with inputs: [0.1 -0.5 .9, 0 0 0]
[02:35:09] [Render thread/WARN]: Ambiguity between arguments [teleport, targets] and [teleport, destination] with inputs: [Player, 0123, dd12be42-52a9-4a91-a8a1-11c01849e498]
[02:35:09] [Render thread/WARN]: Ambiguity between arguments [teleport, targets, location] and [teleport, targets, destination] with inputs: [0.1 -0.5 .9, 0 0 0]
[02:35:09] [Render thread/INFO]: Reloading ResourceManager: Default
[02:35:09] [Render thread/INFO]: Loaded 7 recipes
[02:35:09] [Render thread/INFO]: Loaded 927 advancements
[02:35:09] [Render thread/INFO]: Environment: authHost='https://authserver.mojang.com', accountsHost='https://api.mojang.com', sessionHost='https://sessionserver.mojang.com', servicesHost='https://api.minecraftservices.com', name='PROD'
[02:35:09] [Render thread/INFO]: Starting integrated minecraft server version 1.16.5
[02:35:09] [Render thread/INFO]: Generating keypair
[02:35:11] [Render thread/INFO]: Preparing start region for dimension minecraft:overworld
[02:35:15] [Render thread/INFO]: Changing view distance to 11, from 10
[02:35:15] [Render thread/INFO]: MineRLAgent0[local:E:80c87448] logged in with entity id 726 at (482.5, 70.0, -325.5)
[02:35:15] [Render thread/INFO]: MineRLAgent0 joined the game
[02:35:15] [Render thread/INFO]: Preparing spawn area: 56%
[02:35:15] [Render thread/INFO]: Time elapsed: 1 ms
[02:35:15] [Render thread/INFO]: [STDOUT]: Starting new video null
[02:35:15] [Render thread/INFO]: Saving and pausing game...
[02:35:15] [Render thread/INFO]: Saving chunks for level 'ServerLevel[mcpworld30b47ad3d628]'/minecraft:overworld
[02:35:16] [Render thread/INFO]: Saving chunks for level 'ServerLevel[mcpworld30b47ad3d628]'/minecraft:the_nether
[02:35:16] [Render thread/INFO]: Saving chunks for level 'ServerLevel[mcpworld30b47ad3d628]'/minecraft:the_end
[02:35:16] [Render thread/INFO]: Loaded 0 advancements
[02:35:23] [Render thread/INFO]: Loaded 7 advancements
[02:37:56] [EnvServerSocketHandler/INFO]: [STDOUT]: *** Stopping the replay, returning control to the inputs
[02:37:56] [EnvServerSocketHandler/INFO]: Received Mission token 17554871-fa79-4d62-a2fc-533955c24980:0:0:1:true
[02:37:56] [EnvServerSocketHandler/INFO]: Received mission init command  <MissionInit xmlns="http://ProjectMalmo.microsoft.com" xmlns:xsi="http://www.w3.org/2001/XMLSchema-instance" SchemaVersion="" PlatformVersion="0.37.0"><Mission><About><Summary>MineRLBasaltFindCave-v0</Summary></About><ModSettings><MsPerTick>50</MsPerTick></ModSettings><ServerSection><ServerInitialConditions><Time><AllowPassageOfTime>false</AllowPassageOfTime></Time><AllowSpawning>true</AllowSpawning></ServerInitialConditions><ServerHandlers><DefaultWorldGenerator forceReset="true" generatorOptions="{}"/><ServerQuitFromTimeUp timeLimitMs="180000" description="out_of_time"/><ServerQuitWhenAnyAgentFinishes/></ServerHandlers></ServerSection><AgentSection mode="Survival"><Name>MineRLAgent0</Name><AgentStart><LowLevelInputs>true</LowLevelInputs><GuiScale>1.0</GuiScale><GammaSetting>2.0</GammaSetting><FOVSetting>70.0</FOVSetting><FakeCursorSize>16</FakeCursorSize><Inventory/><PreferredSpawnBiome>plains</PreferredSpawnBiome><DoneOnDeath>true</DoneOnDeath></AgentStart><AgentHandlers><FileBasedPerformanceProducer/><PauseCommand/><VideoProducer want_depth="false"><Width>640</Width><Height>360</Height></VideoProducer><HumanLevelCommands/><CameraCommands/></AgentHandlers></AgentSection></Mission><ExperimentUID>17554871-fa79-4d62-a2fc-533955c24980</ExperimentUID><ClientRole>0</ClientRole><ClientAgentConnection><ClientIPAddress>127.0.0.1</ClientIPAddress><ClientMissionControlPort>0</ClientMissionControlPort><ClientCommandsPort>0</ClientCommandsPort><AgentIPAddress>127.0.0.1</AgentIPAddress><AgentMissionControlPort>0</AgentMissionControlPort><AgentVideoPort>0</AgentVideoPort><AgentDepthPort>0</AgentDepthPort><AgentLuminancePort>0</AgentLuminancePort><AgentObservationsPort>0</AgentObservationsPort><AgentRewardsPort>0</AgentRewardsPort><AgentColourMapPort>0</AgentColourMapPort></ClientAgentConnection></MissionInit>
[02:37:56] [EnvServerSocketHandler/INFO]: [STDOUT]: Setting width, height to 640, 360
[02:37:56] [EnvServerSocketHandler/INFO]: [STDOUT]: Gamma: 2.0
[02:37:56] [EnvServerSocketHandler/INFO]: [STDOUT]: FOV: 70.0
[02:37:56] [EnvServerSocketHandler/INFO]: [STDOUT]: GuiScale: 1.0
[02:37:56] [Render thread/INFO]: [STDOUT]: Seed not provided, generating random one: -8609934180500751244
[02:37:56] [Render thread/WARN]: Ambiguity between arguments [teleport, destination] and [teleport, targets] with inputs: [Player, 0123, @e, dd12be42-52a9-4a91-a8a1-11c01849e498]
[02:37:56] [Render thread/WARN]: Ambiguity between arguments [teleport, location] and [teleport, destination] with inputs: [0.1 -0.5 .9, 0 0 0]
[02:37:56] [Render thread/WARN]: Ambiguity between arguments [teleport, location] and [teleport, targets] with inputs: [0.1 -0.5 .9, 0 0 0]
[02:37:56] [Render thread/WARN]: Ambiguity between arguments [teleport, targets] and [teleport, destination] with inputs: [Player, 0123, dd12be42-52a9-4a91-a8a1-11c01849e498]
[02:37:56] [Render thread/WARN]: Ambiguity between arguments [teleport, targets, location] and [teleport, targets, destination] with inputs: [0.1 -0.5 .9, 0 0 0]
[02:37:56] [Render thread/INFO]: Reloading ResourceManager: Default
[02:37:56] [Render thread/INFO]: Loaded 7 recipes
[02:37:56] [Render thread/INFO]: Loaded 927 advancements
[02:37:56] [Render thread/INFO]: Environment: authHost='https://authserver.mojang.com', accountsHost='https://api.mojang.com', sessionHost='https://sessionserver.mojang.com', servicesHost='https://api.minecraftservices.com', name='PROD'
[02:37:56] [Render thread/INFO]: Starting integrated minecraft server version 1.16.5
[02:37:56] [Render thread/INFO]: Generating keypair
[02:37:57] [Render thread/INFO]: Preparing start region for dimension minecraft:overworld
[02:38:02] [Render thread/INFO]: Changing view distance to 11, from 10
[02:38:02] [Render thread/INFO]: MineRLAgent0[local:E:b87eda7a] logged in with entity id 2092 at (-973.5, 64.0, -357.5)
[02:38:02] [Render thread/INFO]: MineRLAgent0 joined the game
[02:38:02] [Render thread/INFO]: Preparing spawn area: 2%
[02:38:02] [Render thread/INFO]: Time elapsed: 1 ms
[02:38:02] [Render thread/INFO]: [STDOUT]: Starting new video null
[02:38:02] [Render thread/INFO]: Saving and pausing game...
[02:38:02] [Render thread/INFO]: Saving chunks for level 'ServerLevel[mcpworlde09268b0de10]'/minecraft:overworld
[02:38:02] [Render thread/INFO]: Saving chunks for level 'ServerLevel[mcpworlde09268b0de10]'/minecraft:the_nether
[02:38:02] [Render thread/INFO]: Saving chunks for level 'ServerLevel[mcpworlde09268b0de10]'/minecraft:the_end
[02:38:03] [Render thread/INFO]: Loaded 0 advancements
[02:38:40] [Render thread/INFO]: Loaded 7 advancements
[02:40:34] [EnvServerSocketHandler/INFO]: [STDOUT]: *** Stopping the replay, returning control to the inputs
[02:40:34] [EnvServerSocketHandler/INFO]: Received Mission token 9a44c09d-938c-4b73-a7e6-fc93d8a20f0a:0:0:1:true
[02:40:34] [EnvServerSocketHandler/INFO]: Received mission init command  <MissionInit xmlns="http://ProjectMalmo.microsoft.com" xmlns:xsi="http://www.w3.org/2001/XMLSchema-instance" SchemaVersion="" PlatformVersion="0.37.0"><Mission><About><Summary>MineRLBasaltFindCave-v0</Summary></About><ModSettings><MsPerTick>50</MsPerTick></ModSettings><ServerSection><ServerInitialConditions><Time><AllowPassageOfTime>false</AllowPassageOfTime></Time><AllowSpawning>true</AllowSpawning></ServerInitialConditions><ServerHandlers><DefaultWorldGenerator forceReset="true" generatorOptions="{}"/><ServerQuitFromTimeUp timeLimitMs="180000" description="out_of_time"/><ServerQuitWhenAnyAgentFinishes/></ServerHandlers></ServerSection><AgentSection mode="Survival"><Name>MineRLAgent0</Name><AgentStart><LowLevelInputs>true</LowLevelInputs><GuiScale>1.0</GuiScale><GammaSetting>2.0</GammaSetting><FOVSetting>70.0</FOVSetting><FakeCursorSize>16</FakeCursorSize><Inventory/><PreferredSpawnBiome>plains</PreferredSpawnBiome><DoneOnDeath>true</DoneOnDeath></AgentStart><AgentHandlers><FileBasedPerformanceProducer/><PauseCommand/><VideoProducer want_depth="false"><Width>640</Width><Height>360</Height></VideoProducer><HumanLevelCommands/><CameraCommands/></AgentHandlers></AgentSection></Mission><ExperimentUID>9a44c09d-938c-4b73-a7e6-fc93d8a20f0a</ExperimentUID><ClientRole>0</ClientRole><ClientAgentConnection><ClientIPAddress>127.0.0.1</ClientIPAddress><ClientMissionControlPort>0</ClientMissionControlPort><ClientCommandsPort>0</ClientCommandsPort><AgentIPAddress>127.0.0.1</AgentIPAddress><AgentMissionControlPort>0</AgentMissionControlPort><AgentVideoPort>0</AgentVideoPort><AgentDepthPort>0</AgentDepthPort><AgentLuminancePort>0</AgentLuminancePort><AgentObservationsPort>0</AgentObservationsPort><AgentRewardsPort>0</AgentRewardsPort><AgentColourMapPort>0</AgentColourMapPort></ClientAgentConnection></MissionInit>
[02:40:34] [EnvServerSocketHandler/INFO]: [STDOUT]: Setting width, height to 640, 360
[02:40:34] [EnvServerSocketHandler/INFO]: [STDOUT]: Gamma: 2.0
[02:40:34] [EnvServerSocketHandler/INFO]: [STDOUT]: FOV: 70.0
[02:40:34] [EnvServerSocketHandler/INFO]: [STDOUT]: GuiScale: 1.0
[02:40:34] [Render thread/INFO]: [STDOUT]: Seed not provided, generating random one: 4235088232110447110
[02:40:34] [Render thread/WARN]: Ambiguity between arguments [teleport, destination] and [teleport, targets] with inputs: [Player, 0123, @e, dd12be42-52a9-4a91-a8a1-11c01849e498]
[02:40:34] [Render thread/WARN]: Ambiguity between arguments [teleport, location] and [teleport, destination] with inputs: [0.1 -0.5 .9, 0 0 0]
[02:40:34] [Render thread/WARN]: Ambiguity between arguments [teleport, location] and [teleport, targets] with inputs: [0.1 -0.5 .9, 0 0 0]
[02:40:34] [Render thread/WARN]: Ambiguity between arguments [teleport, targets] and [teleport, destination] with inputs: [Player, 0123, dd12be42-52a9-4a91-a8a1-11c01849e498]
[02:40:34] [Render thread/WARN]: Ambiguity between arguments [teleport, targets, location] and [teleport, targets, destination] with inputs: [0.1 -0.5 .9, 0 0 0]
[02:40:34] [Render thread/INFO]: Reloading ResourceManager: Default
[02:40:34] [Render thread/INFO]: Loaded 7 recipes
[02:40:34] [Render thread/INFO]: Loaded 927 advancements
[02:40:35] [Render thread/INFO]: Environment: authHost='https://authserver.mojang.com', accountsHost='https://api.mojang.com', sessionHost='https://sessionserver.mojang.com', servicesHost='https://api.minecraftservices.com', name='PROD'
[02:40:35] [Render thread/INFO]: Starting integrated minecraft server version 1.16.5
[02:40:35] [Render thread/INFO]: Generating keypair
[02:40:36] [Render thread/INFO]: Preparing start region for dimension minecraft:overworld
[02:40:41] [Render thread/INFO]: Changing view distance to 11, from 10
[02:40:41] [Render thread/INFO]: MineRLAgent0[local:E:c4bc9a2f] logged in with entity id 3354 at (-93.5, 69.0, -389.5)
[02:40:41] [Render thread/INFO]: MineRLAgent0 joined the game
[02:40:41] [Render thread/INFO]: Time elapsed: 0 ms
[02:40:41] [Render thread/INFO]: [STDOUT]: Starting new video null
[02:40:41] [Render thread/INFO]: Saving and pausing game...
[02:40:41] [Render thread/INFO]: Saving chunks for level 'ServerLevel[mcpworld2539d30131fd]'/minecraft:overworld
[02:40:41] [Render thread/INFO]: Saving chunks for level 'ServerLevel[mcpworld2539d30131fd]'/minecraft:the_nether
[02:40:41] [Render thread/INFO]: Saving chunks for level 'ServerLevel[mcpworld2539d30131fd]'/minecraft:the_end
[02:40:42] [Render thread/INFO]: Loaded 0 advancements
[02:42:29] [Render thread/INFO]: Loaded 7 advancements
[02:42:56] [EnvServerSocketHandler/INFO]: [STDOUT]: *** Stopping the replay, returning control to the inputs
[02:42:56] [EnvServerSocketHandler/INFO]: Received Mission token b9bf6556-4e4e-415e-8589-6812f2e10d43:0:0:1:true
[02:42:56] [EnvServerSocketHandler/INFO]: Received mission init command  <MissionInit xmlns="http://ProjectMalmo.microsoft.com" xmlns:xsi="http://www.w3.org/2001/XMLSchema-instance" SchemaVersion="" PlatformVersion="0.37.0"><Mission><About><Summary>MineRLBasaltFindCave-v0</Summary></About><ModSettings><MsPerTick>50</MsPerTick></ModSettings><ServerSection><ServerInitialConditions><Time><AllowPassageOfTime>false</AllowPassageOfTime></Time><AllowSpawning>true</AllowSpawning></ServerInitialConditions><ServerHandlers><DefaultWorldGenerator forceReset="true" generatorOptions="{}"/><ServerQuitFromTimeUp timeLimitMs="180000" description="out_of_time"/><ServerQuitWhenAnyAgentFinishes/></ServerHandlers></ServerSection><AgentSection mode="Survival"><Name>MineRLAgent0</Name><AgentStart><LowLevelInputs>true</LowLevelInputs><GuiScale>1.0</GuiScale><GammaSetting>2.0</GammaSetting><FOVSetting>70.0</FOVSetting><FakeCursorSize>16</FakeCursorSize><Inventory/><PreferredSpawnBiome>plains</PreferredSpawnBiome><DoneOnDeath>true</DoneOnDeath></AgentStart><AgentHandlers><FileBasedPerformanceProducer/><PauseCommand/><VideoProducer want_depth="false"><Width>640</Width><Height>360</Height></VideoProducer><HumanLevelCommands/><CameraCommands/></AgentHandlers></AgentSection></Mission><ExperimentUID>b9bf6556-4e4e-415e-8589-6812f2e10d43</ExperimentUID><ClientRole>0</ClientRole><ClientAgentConnection><ClientIPAddress>127.0.0.1</ClientIPAddress><ClientMissionControlPort>0</ClientMissionControlPort><ClientCommandsPort>0</ClientCommandsPort><AgentIPAddress>127.0.0.1</AgentIPAddress><AgentMissionControlPort>0</AgentMissionControlPort><AgentVideoPort>0</AgentVideoPort><AgentDepthPort>0</AgentDepthPort><AgentLuminancePort>0</AgentLuminancePort><AgentObservationsPort>0</AgentObservationsPort><AgentRewardsPort>0</AgentRewardsPort><AgentColourMapPort>0</AgentColourMapPort></ClientAgentConnection></MissionInit>
[02:42:56] [EnvServerSocketHandler/INFO]: [STDOUT]: Setting width, height to 640, 360
[02:42:56] [EnvServerSocketHandler/INFO]: [STDOUT]: Gamma: 2.0
[02:42:56] [EnvServerSocketHandler/INFO]: [STDOUT]: FOV: 70.0
[02:42:56] [EnvServerSocketHandler/INFO]: [STDOUT]: GuiScale: 1.0
[02:42:56] [Render thread/INFO]: [STDOUT]: Seed not provided, generating random one: 1100329064726847113
[02:42:56] [Render thread/WARN]: Ambiguity between arguments [teleport, destination] and [teleport, targets] with inputs: [Player, 0123, @e, dd12be42-52a9-4a91-a8a1-11c01849e498]
[02:42:56] [Render thread/WARN]: Ambiguity between arguments [teleport, location] and [teleport, destination] with inputs: [0.1 -0.5 .9, 0 0 0]
[02:42:56] [Render thread/WARN]: Ambiguity between arguments [teleport, location] and [teleport, targets] with inputs: [0.1 -0.5 .9, 0 0 0]
[02:42:56] [Render thread/WARN]: Ambiguity between arguments [teleport, targets] and [teleport, destination] with inputs: [Player, 0123, dd12be42-52a9-4a91-a8a1-11c01849e498]
[02:42:56] [Render thread/WARN]: Ambiguity between arguments [teleport, targets, location] and [teleport, targets, destination] with inputs: [0.1 -0.5 .9, 0 0 0]
[02:42:56] [Render thread/INFO]: Reloading ResourceManager: Default
[02:42:56] [Render thread/INFO]: Loaded 7 recipes
[02:42:56] [Render thread/INFO]: Loaded 927 advancements
[02:42:56] [Render thread/INFO]: Environment: authHost='https://authserver.mojang.com', accountsHost='https://api.mojang.com', sessionHost='https://sessionserver.mojang.com', servicesHost='https://api.minecraftservices.com', name='PROD'
[02:42:56] [Render thread/INFO]: Starting integrated minecraft server version 1.16.5
[02:42:56] [Render thread/INFO]: Generating keypair
[02:42:59] [Render thread/INFO]: Preparing start region for dimension minecraft:overworld
[02:43:02] [Render thread/INFO]: Changing view distance to 11, from 10
[02:43:02] [Render thread/INFO]: MineRLAgent0[local:E:cbfa4282] logged in with entity id 4335 at (606.5, 64.0, 651.5)
[02:43:02] [Render thread/INFO]: MineRLAgent0 joined the game
[02:43:02] [Render thread/INFO]: Preparing spawn area: 71%
[02:43:02] [Render thread/INFO]: Time elapsed: 1 ms
[02:43:02] [Render thread/INFO]: [STDOUT]: Starting new video null
[02:43:02] [Render thread/INFO]: Saving and pausing game...
[02:43:02] [Render thread/INFO]: Saving chunks for level 'ServerLevel[mcpworldff8d1fb75809]'/minecraft:overworld
[02:43:02] [Render thread/INFO]: Saving chunks for level 'ServerLevel[mcpworldff8d1fb75809]'/minecraft:the_nether
[02:43:02] [Render thread/INFO]: Saving chunks for level 'ServerLevel[mcpworldff8d1fb75809]'/minecraft:the_end
[02:43:03] [Render thread/INFO]: Loaded 0 advancements
[02:43:07] [Render thread/INFO]: Loaded 7 advancements
[02:44:52] [EnvServerSocketHandler/INFO]: [STDOUT]: *** Stopping the replay, returning control to the inputs
