[22:28:34] [Thread-4/INFO]: [STDOUT]: SERVER enter state: DORMANT
[22:28:34] [EnvServerSocketHandler/INFO]: Received Mission token a2b8fec9-eeff-461e-86e5-cf007e765890:0:0:1:true
[22:28:34] [EnvServerSocketHandler/INFO]: Received mission init command  <MissionInit xmlns="http://ProjectMalmo.microsoft.com" xmlns:xsi="http://www.w3.org/2001/XMLSchema-instance" SchemaVersion="" PlatformVersion="0.37.0"><Mission><About><Summary>MineRLBasaltFindCave-v0</Summary></About><ModSettings><MsPerTick>50</MsPerTick></ModSettings><ServerSection><ServerInitialConditions><Time><AllowPassageOfTime>false</AllowPassageOfTime></Time><AllowSpawning>true</AllowSpawning></ServerInitialConditions><ServerHandlers><DefaultWorldGenerator forceReset="true" generatorOptions="{}"/><ServerQuitFromTimeUp timeLimitMs="180000" description="out_of_time"/><ServerQuitWhenAnyAgentFinishes/></ServerHandlers></ServerSection><AgentSection mode="Survival"><Name>MineRLAgent0</Name><AgentStart><LowLevelInputs>true</LowLevelInputs><GuiScale>1.0</GuiScale><GammaSetting>2.0</GammaSetting><FOVSetting>70.0</FOVSetting><FakeCursorSize>16</FakeCursorSize><Inventory/><PreferredSpawnBiome>plains</PreferredSpawnBiome><DoneOnDeath>true</DoneOnDeath></AgentStart><AgentHandlers><FileBasedPerformanceProducer/><PauseCommand/><VideoProducer want_depth="false"><Width>640</Width><Height>360</Height></VideoProducer><HumanLevelCommands/><CameraCommands/></AgentHandlers></AgentSection></Mission><ExperimentUID>a2b8fec9-eeff-461e-86e5-cf007e765890</ExperimentUID><ClientRole>0</ClientRole><ClientAgentConnection><ClientIPAddress>127.0.0.1</ClientIPAddress><ClientMissionControlPort>0</ClientMissionControlPort><ClientCommandsPort>0</ClientCommandsPort><AgentIPAddress>127.0.0.1</AgentIPAddress><AgentMissionControlPort>0</AgentMissionControlPort><AgentVideoPort>0</AgentVideoPort><AgentDepthPort>0</AgentDepthPort><AgentLuminancePort>0</AgentLuminancePort><AgentObservationsPort>0</AgentObservationsPort><AgentRewardsPort>0</AgentRewardsPort><AgentColourMapPort>0</AgentColourMapPort></ClientAgentConnection></MissionInit>
[22:28:34] [EnvServerSocketHandler/INFO]: [STDOUT]: Setting width, height to 640, 360
[22:28:34] [EnvServerSocketHandler/INFO]: [STDOUT]: Gamma: 2.0
[22:28:34] [EnvServerSocketHandler/INFO]: [STDOUT]: FOV: 70.0
[22:28:34] [EnvServerSocketHandler/INFO]: [STDOUT]: GuiScale: 1.0
[22:28:34] [Render thread/INFO]: [STDOUT]: Seed not provided, generating random one: 1392401540472828600
[22:28:35] [Render thread/WARN]: Ambiguity between arguments [teleport, destination] and [teleport, targets] with inputs: [Player, 0123, @e, dd12be42-52a9-4a91-a8a1-11c01849e498]
[22:28:35] [Render thread/WARN]: Ambiguity between arguments [teleport, location] and [teleport, destination] with inputs: [0.1 -0.5 .9, 0 0 0]
[22:28:35] [Render thread/WARN]: Ambiguity between arguments [teleport, location] and [teleport, targets] with inputs: [0.1 -0.5 .9, 0 0 0]
[22:28:35] [Render thread/WARN]: Ambiguity between arguments [teleport, targets] and [teleport, destination] with inputs: [Player, 0123, dd12be42-52a9-4a91-a8a1-11c01849e498]
[22:28:35] [Render thread/WARN]: Ambiguity between arguments [teleport, targets, location] and [teleport, targets, destination] with inputs: [0.1 -0.5 .9, 0 0 0]
[22:28:35] [Render thread/INFO]: Reloading ResourceManager: Default
[22:28:35] [Render thread/INFO]: Loaded 7 recipes
[22:28:35] [Render thread/INFO]: Loaded 927 advancements
[22:28:35] [Render thread/INFO]: Environment: authHost='https://authserver.mojang.com', accountsHost='https://api.mojang.com', sessionHost='https://sessionserver.mojang.com', servicesHost='https://api.minecraftservices.com', name='PROD'
[22:28:35] [Render thread/INFO]: Starting integrated minecraft server version 1.16.5
[22:28:35] [Render thread/INFO]: Generating keypair
[22:28:37] [Render thread/INFO]: Preparing start region for dimension minecraft:overworld
[22:28:42] [Render thread/INFO]: Changing view distance to 11, from 10
[22:28:42] [Render thread/INFO]: MineRLAgent0[local:E:3f899969] logged in with entity id 253 at (-13.5, 71.0, -517.5)
[22:28:42] [Render thread/INFO]: MineRLAgent0 joined the game
[22:28:42] [Render thread/INFO]: [STDOUT]: *** creating fake mouse cursor ***
[22:28:42] [Render thread/INFO]: Preparing spawn area: 7%
[22:28:42] [Render thread/INFO]: Time elapsed: 2 ms
[22:28:43] [Render thread/INFO]: [STDOUT]: Starting new video null
[22:28:43] [Render thread/INFO]: Saving and pausing game...
[22:28:43] [Render thread/INFO]: Saving chunks for level 'ServerLevel[mcpworld0f72fee5e028]'/minecraft:overworld
[22:28:43] [Render thread/INFO]: Saving chunks for level 'ServerLevel[mcpworld0f72fee5e028]'/minecraft:the_nether
[22:28:43] [Render thread/INFO]: Saving chunks for level 'ServerLevel[mcpworld0f72fee5e028]'/minecraft:the_end
[22:28:43] [Render thread/INFO]: Loaded 0 advancements
[22:29:26] [EnvServerSocketHandler/INFO]: [STDOUT]: *** Stopping the replay, returning control to the inputs
[22:29:27] [EnvServerSocketHandler/INFO]: Received Mission token 4c711f85-3ed2-4445-aa30-e1ec970b66fc:0:0:1:true
[22:29:27] [EnvServerSocketHandler/INFO]: Received mission init command  <MissionInit xmlns="http://ProjectMalmo.microsoft.com" xmlns:xsi="http://www.w3.org/2001/XMLSchema-instance" SchemaVersion="" PlatformVersion="0.37.0"><Mission><About><Summary>MineRLBasaltFindCave-v0</Summary></About><ModSettings><MsPerTick>50</MsPerTick></ModSettings><ServerSection><ServerInitialConditions><Time><AllowPassageOfTime>false</AllowPassageOfTime></Time><AllowSpawning>true</AllowSpawning></ServerInitialConditions><ServerHandlers><DefaultWorldGenerator forceReset="true" generatorOptions="{}"/><ServerQuitFromTimeUp timeLimitMs="180000" description="out_of_time"/><ServerQuitWhenAnyAgentFinishes/></ServerHandlers></ServerSection><AgentSection mode="Survival"><Name>MineRLAgent0</Name><AgentStart><LowLevelInputs>true</LowLevelInputs><GuiScale>1.0</GuiScale><GammaSetting>2.0</GammaSetting><FOVSetting>70.0</FOVSetting><FakeCursorSize>16</FakeCursorSize><Inventory/><PreferredSpawnBiome>plains</PreferredSpawnBiome><DoneOnDeath>true</DoneOnDeath></AgentStart><AgentHandlers><FileBasedPerformanceProducer/><PauseCommand/><VideoProducer want_depth="false"><Width>640</Width><Height>360</Height></VideoProducer><HumanLevelCommands/><CameraCommands/></AgentHandlers></AgentSection></Mission><ExperimentUID>4c711f85-3ed2-4445-aa30-e1ec970b66fc</ExperimentUID><ClientRole>0</ClientRole><ClientAgentConnection><ClientIPAddress>127.0.0.1</ClientIPAddress><ClientMissionControlPort>0</ClientMissionControlPort><ClientCommandsPort>0</ClientCommandsPort><AgentIPAddress>127.0.0.1</AgentIPAddress><AgentMissionControlPort>0</AgentMissionControlPort><AgentVideoPort>0</AgentVideoPort><AgentDepthPort>0</AgentDepthPort><AgentLuminancePort>0</AgentLuminancePort><AgentObservationsPort>0</AgentObservationsPort><AgentRewardsPort>0</AgentRewardsPort><AgentColourMapPort>0</AgentColourMapPort></ClientAgentConnection></MissionInit>
[22:29:27] [EnvServerSocketHandler/INFO]: [STDOUT]: Setting width, height to 640, 360
[22:29:27] [EnvServerSocketHandler/INFO]: [STDOUT]: Gamma: 2.0
[22:29:27] [EnvServerSocketHandler/INFO]: [STDOUT]: FOV: 70.0
[22:29:27] [EnvServerSocketHandler/INFO]: [STDOUT]: GuiScale: 1.0
[22:29:27] [Render thread/INFO]: [STDOUT]: Seed not provided, generating random one: -3144430476775541220
[22:29:27] [Render thread/WARN]: Ambiguity between arguments [teleport, destination] and [teleport, targets] with inputs: [Player, 0123, @e, dd12be42-52a9-4a91-a8a1-11c01849e498]
[22:29:27] [Render thread/WARN]: Ambiguity between arguments [teleport, location] and [teleport, destination] with inputs: [0.1 -0.5 .9, 0 0 0]
[22:29:27] [Render thread/WARN]: Ambiguity between arguments [teleport, location] and [teleport, targets] with inputs: [0.1 -0.5 .9, 0 0 0]
[22:29:27] [Render thread/WARN]: Ambiguity between arguments [teleport, targets] and [teleport, destination] with inputs: [Player, 0123, dd12be42-52a9-4a91-a8a1-11c01849e498]
[22:29:27] [Render thread/WARN]: Ambiguity between arguments [teleport, targets, location] and [teleport, targets, destination] with inputs: [0.1 -0.5 .9, 0 0 0]
[22:29:27] [Render thread/INFO]: Reloading ResourceManager: Default
[22:29:27] [Render thread/INFO]: Loaded 7 recipes
[22:29:27] [Render thread/INFO]: Loaded 927 advancements
[22:29:27] [Render thread/INFO]: Environment: authHost='https://authserver.mojang.com', accountsHost='https://api.mojang.com', sessionHost='https://sessionserver.mojang.com', servicesHost='https://api.minecraftservices.com', name='PROD'
[22:29:27] [Render thread/INFO]: Starting integrated minecraft server version 1.16.5
[22:29:27] [Render thread/INFO]: Generating keypair
[22:29:29] [Render thread/INFO]: Preparing start region for dimension minecraft:overworld
[22:29:35] [Render thread/INFO]: Changing view distance to 11, from 10
[22:29:35] [Render thread/INFO]: MineRLAgent0[local:E:008a0969] logged in with entity id 765 at (194.5, 66.0, 666.5)
[22:29:35] [Render thread/INFO]: MineRLAgent0 joined the game
[22:29:35] [Render thread/INFO]: Preparing spawn area: 62%
[22:29:35] [Render thread/INFO]: Time elapsed: 1 ms
[22:29:35] [Render thread/INFO]: [STDOUT]: Starting new video null
[22:29:35] [Render thread/INFO]: Saving and pausing game...
[22:29:35] [Render thread/INFO]: Saving chunks for level 'ServerLevel[mcpworld71e578de3cca]'/minecraft:overworld
[22:29:35] [Render thread/INFO]: Saving chunks for level 'ServerLevel[mcpworld71e578de3cca]'/minecraft:the_nether
[22:29:35] [Render thread/INFO]: Saving chunks for level 'ServerLevel[mcpworld71e578de3cca]'/minecraft:the_end
[22:29:36] [Render thread/INFO]: Loaded 0 advancements
