[23:47:08] [Thread-4/INFO]: [STDOUT]: SERVER enter state: DORMANT
[23:47:08] [EnvServerSocketHandler/INFO]: Received Mission token 0311810c-9089-4c0f-9926-43ff7dc65647:0:0:1:true
[23:47:08] [EnvServerSocketHandler/INFO]: Received mission init command  <MissionInit xmlns="http://ProjectMalmo.microsoft.com" xmlns:xsi="http://www.w3.org/2001/XMLSchema-instance" SchemaVersion="" PlatformVersion="0.37.0"><Mission><About><Summary>MineRLBasaltFindCave-v0</Summary></About><ModSettings><MsPerTick>50</MsPerTick></ModSettings><ServerSection><ServerInitialConditions><Time><AllowPassageOfTime>false</AllowPassageOfTime></Time><AllowSpawning>true</AllowSpawning></ServerInitialConditions><ServerHandlers><DefaultWorldGenerator forceReset="true" generatorOptions="{}"/><ServerQuitFromTimeUp timeLimitMs="180000" description="out_of_time"/><ServerQuitWhenAnyAgentFinishes/></ServerHandlers></ServerSection><AgentSection mode="Survival"><Name>MineRLAgent0</Name><AgentStart><LowLevelInputs>true</LowLevelInputs><GuiScale>1.0</GuiScale><GammaSetting>2.0</GammaSetting><FOVSetting>70.0</FOVSetting><FakeCursorSize>16</FakeCursorSize><Inventory/><PreferredSpawnBiome>plains</PreferredSpawnBiome><DoneOnDeath>true</DoneOnDeath></AgentStart><AgentHandlers><FileBasedPerformanceProducer/><PauseCommand/><VideoProducer want_depth="false"><Width>640</Width><Height>360</Height></VideoProducer><HumanLevelCommands/><CameraCommands/></AgentHandlers></AgentSection></Mission><ExperimentUID>0311810c-9089-4c0f-9926-43ff7dc65647</ExperimentUID><ClientRole>0</ClientRole><ClientAgentConnection><ClientIPAddress>127.0.0.1</ClientIPAddress><ClientMissionControlPort>0</ClientMissionControlPort><ClientCommandsPort>0</ClientCommandsPort><AgentIPAddress>127.0.0.1</AgentIPAddress><AgentMissionControlPort>0</AgentMissionControlPort><AgentVideoPort>0</AgentVideoPort><AgentDepthPort>0</AgentDepthPort><AgentLuminancePort>0</AgentLuminancePort><AgentObservationsPort>0</AgentObservationsPort><AgentRewardsPort>0</AgentRewardsPort><AgentColourMapPort>0</AgentColourMapPort></ClientAgentConnection></MissionInit>
[23:47:09] [EnvServerSocketHandler/INFO]: [STDOUT]: Setting width, height to 640, 360
[23:47:09] [EnvServerSocketHandler/INFO]: [STDOUT]: Gamma: 2.0
[23:47:09] [EnvServerSocketHandler/INFO]: [STDOUT]: FOV: 70.0
[23:47:09] [EnvServerSocketHandler/INFO]: [STDOUT]: GuiScale: 1.0
[23:47:09] [Render thread/INFO]: [STDOUT]: Seed not provided, generating random one: 5087592011489936741
[23:47:09] [Render thread/WARN]: Ambiguity between arguments [teleport, destination] and [teleport, targets] with inputs: [Player, 0123, @e, dd12be42-52a9-4a91-a8a1-11c01849e498]
[23:47:09] [Render thread/WARN]: Ambiguity between arguments [teleport, location] and [teleport, destination] with inputs: [0.1 -0.5 .9, 0 0 0]
[23:47:09] [Render thread/WARN]: Ambiguity between arguments [teleport, location] and [teleport, targets] with inputs: [0.1 -0.5 .9, 0 0 0]
[23:47:09] [Render thread/WARN]: Ambiguity between arguments [teleport, targets] and [teleport, destination] with inputs: [Player, 0123, dd12be42-52a9-4a91-a8a1-11c01849e498]
[23:47:09] [Render thread/WARN]: Ambiguity between arguments [teleport, targets, location] and [teleport, targets, destination] with inputs: [0.1 -0.5 .9, 0 0 0]
[23:47:09] [Render thread/INFO]: Reloading ResourceManager: Default
[23:47:09] [Render thread/INFO]: Loaded 7 recipes
[23:47:09] [Render thread/INFO]: Loaded 927 advancements
[23:47:10] [Render thread/INFO]: Environment: authHost='https://authserver.mojang.com', accountsHost='https://api.mojang.com', sessionHost='https://sessionserver.mojang.com', servicesHost='https://api.minecraftservices.com', name='PROD'
[23:47:10] [Render thread/INFO]: Starting integrated minecraft server version 1.16.5
[23:47:10] [Render thread/INFO]: Generating keypair
[23:47:12] [Render thread/INFO]: Preparing start region for dimension minecraft:overworld
[23:47:17] [Render thread/INFO]: Changing view distance to 11, from 10
[23:47:18] [Render thread/INFO]: MineRLAgent0[local:E:6077f5f1] logged in with entity id 354 at (130.5, 64.0, 298.5)
[23:47:18] [Render thread/INFO]: MineRLAgent0 joined the game
[23:47:18] [Render thread/INFO]: [STDOUT]: *** creating fake mouse cursor ***
[23:47:18] [Render thread/INFO]: Preparing spawn area: 2%
[23:47:18] [Render thread/INFO]: Time elapsed: 3 ms
[23:47:18] [Render thread/INFO]: [STDOUT]: Starting new video null
[23:47:18] [Render thread/INFO]: Saving and pausing game...
[23:47:18] [Render thread/INFO]: Saving chunks for level 'ServerLevel[mcpworld05c29e6a81f3]'/minecraft:overworld
[23:47:18] [Render thread/INFO]: Saving chunks for level 'ServerLevel[mcpworld05c29e6a81f3]'/minecraft:the_nether
[23:47:18] [Render thread/INFO]: Saving chunks for level 'ServerLevel[mcpworld05c29e6a81f3]'/minecraft:the_end
[23:47:19] [Render thread/INFO]: Loaded 0 advancements
[23:47:22] [EnvServerSocketHandler/INFO]: [STDOUT]: *** Stopping the replay, returning control to the inputs
[23:47:22] [EnvServerSocketHandler/INFO]: Received Mission token ffaf17f4-d6e6-4549-8dcb-c2ad49b81a87:0:0:1:true
[23:47:22] [EnvServerSocketHandler/INFO]: Received mission init command  <MissionInit xmlns="http://ProjectMalmo.microsoft.com" xmlns:xsi="http://www.w3.org/2001/XMLSchema-instance" SchemaVersion="" PlatformVersion="0.37.0"><Mission><About><Summary>MineRLBasaltFindCave-v0</Summary></About><ModSettings><MsPerTick>50</MsPerTick></ModSettings><ServerSection><ServerInitialConditions><Time><AllowPassageOfTime>false</AllowPassageOfTime></Time><AllowSpawning>true</AllowSpawning></ServerInitialConditions><ServerHandlers><DefaultWorldGenerator forceReset="true" generatorOptions="{}"/><ServerQuitFromTimeUp timeLimitMs="180000" description="out_of_time"/><ServerQuitWhenAnyAgentFinishes/></ServerHandlers></ServerSection><AgentSection mode="Survival"><Name>MineRLAgent0</Name><AgentStart><LowLevelInputs>true</LowLevelInputs><GuiScale>1.0</GuiScale><GammaSetting>2.0</GammaSetting><FOVSetting>70.0</FOVSetting><FakeCursorSize>16</FakeCursorSize><Inventory/><PreferredSpawnBiome>plains</PreferredSpawnBiome><DoneOnDeath>true</DoneOnDeath></AgentStart><AgentHandlers><FileBasedPerformanceProducer/><PauseCommand/><VideoProducer want_depth="false"><Width>640</Width><Height>360</Height></VideoProducer><HumanLevelCommands/><CameraCommands/></AgentHandlers></AgentSection></Mission><ExperimentUID>ffaf17f4-d6e6-4549-8dcb-c2ad49b81a87</ExperimentUID><ClientRole>0</ClientRole><ClientAgentConnection><ClientIPAddress>127.0.0.1</ClientIPAddress><ClientMissionControlPort>0</ClientMissionControlPort><ClientCommandsPort>0</ClientCommandsPort><AgentIPAddress>127.0.0.1</AgentIPAddress><AgentMissionControlPort>0</AgentMissionControlPort><AgentVideoPort>0</AgentVideoPort><AgentDepthPort>0</AgentDepthPort><AgentLuminancePort>0</AgentLuminancePort><AgentObservationsPort>0</AgentObservationsPort><AgentRewardsPort>0</AgentRewardsPort><AgentColourMapPort>0</AgentColourMapPort></ClientAgentConnection></MissionInit>
[23:47:22] [EnvServerSocketHandler/INFO]: [STDOUT]: Setting width, height to 640, 360
[23:47:22] [EnvServerSocketHandler/INFO]: [STDOUT]: Gamma: 2.0
[23:47:22] [EnvServerSocketHandler/INFO]: [STDOUT]: FOV: 70.0
[23:47:22] [EnvServerSocketHandler/INFO]: [STDOUT]: GuiScale: 1.0
[23:47:22] [Render thread/INFO]: [STDOUT]: Seed not provided, generating random one: -7508291240396402574
[23:47:22] [Render thread/WARN]: Ambiguity between arguments [teleport, destination] and [teleport, targets] with inputs: [Player, 0123, @e, dd12be42-52a9-4a91-a8a1-11c01849e498]
[23:47:22] [Render thread/WARN]: Ambiguity between arguments [teleport, location] and [teleport, destination] with inputs: [0.1 -0.5 .9, 0 0 0]
[23:47:22] [Render thread/WARN]: Ambiguity between arguments [teleport, location] and [teleport, targets] with inputs: [0.1 -0.5 .9, 0 0 0]
[23:47:22] [Render thread/WARN]: Ambiguity between arguments [teleport, targets] and [teleport, destination] with inputs: [Player, 0123, dd12be42-52a9-4a91-a8a1-11c01849e498]
[23:47:22] [Render thread/WARN]: Ambiguity between arguments [teleport, targets, location] and [teleport, targets, destination] with inputs: [0.1 -0.5 .9, 0 0 0]
[23:47:22] [Render thread/INFO]: Reloading ResourceManager: Default
[23:47:22] [Render thread/INFO]: Loaded 7 recipes
[23:47:22] [Render thread/INFO]: Loaded 927 advancements
[23:47:23] [Render thread/INFO]: Environment: authHost='https://authserver.mojang.com', accountsHost='https://api.mojang.com', sessionHost='https://sessionserver.mojang.com', servicesHost='https://api.minecraftservices.com', name='PROD'
[23:47:23] [Render thread/INFO]: Starting integrated minecraft server version 1.16.5
[23:47:23] [Render thread/INFO]: Generating keypair
[23:47:25] [Render thread/INFO]: Preparing start region for dimension minecraft:overworld
[23:47:30] [Render thread/INFO]: Changing view distance to 11, from 10
[23:47:30] [Render thread/INFO]: MineRLAgent0[local:E:3fd63b4b] logged in with entity id 982 at (-840.5, 64.0, -990.5)
[23:47:30] [Render thread/INFO]: MineRLAgent0 joined the game
[23:47:30] [Render thread/INFO]: Preparing spawn area: 44%
[23:47:30] [Render thread/INFO]: Time elapsed: 2 ms
[23:47:30] [Render thread/INFO]: [STDOUT]: Starting new video null
[23:47:30] [Render thread/INFO]: Saving and pausing game...
[23:47:30] [Render thread/INFO]: Saving chunks for level 'ServerLevel[mcpworld67fd6634e41a]'/minecraft:overworld
[23:47:31] [Render thread/INFO]: Saving chunks for level 'ServerLevel[mcpworld67fd6634e41a]'/minecraft:the_nether
[23:47:31] [Render thread/INFO]: Saving chunks for level 'ServerLevel[mcpworld67fd6634e41a]'/minecraft:the_end
[23:47:31] [Render thread/INFO]: Loaded 0 advancements
