[22:46:06] [Thread-4/INFO]: [STDOUT]: SERVER enter state: DORMANT
[22:46:06] [EnvServerSocketHandler/INFO]: Received Mission token bad52332-c2cb-49cb-ae11-b19679e41c4d:0:0:1:true
[22:46:06] [EnvServerSocketHandler/INFO]: Received mission init command  <MissionInit xmlns="http://ProjectMalmo.microsoft.com" xmlns:xsi="http://www.w3.org/2001/XMLSchema-instance" SchemaVersion="" PlatformVersion="0.37.0"><Mission><About><Summary>MineRLBasaltFindCave-v0</Summary></About><ModSettings><MsPerTick>50</MsPerTick></ModSettings><ServerSection><ServerInitialConditions><Time><AllowPassageOfTime>false</AllowPassageOfTime></Time><AllowSpawning>true</AllowSpawning></ServerInitialConditions><ServerHandlers><DefaultWorldGenerator forceReset="true" generatorOptions="{}"/><ServerQuitFromTimeUp timeLimitMs="180000" description="out_of_time"/><ServerQuitWhenAnyAgentFinishes/></ServerHandlers></ServerSection><AgentSection mode="Survival"><Name>MineRLAgent0</Name><AgentStart><LowLevelInputs>true</LowLevelInputs><GuiScale>1.0</GuiScale><GammaSetting>2.0</GammaSetting><FOVSetting>70.0</FOVSetting><FakeCursorSize>16</FakeCursorSize><Inventory/><PreferredSpawnBiome>plains</PreferredSpawnBiome><DoneOnDeath>true</DoneOnDeath></AgentStart><AgentHandlers><FileBasedPerformanceProducer/><PauseCommand/><VideoProducer want_depth="false"><Width>640</Width><Height>360</Height></VideoProducer><HumanLevelCommands/><CameraCommands/></AgentHandlers></AgentSection></Mission><ExperimentUID>bad52332-c2cb-49cb-ae11-b19679e41c4d</ExperimentUID><ClientRole>0</ClientRole><ClientAgentConnection><ClientIPAddress>127.0.0.1</ClientIPAddress><ClientMissionControlPort>0</ClientMissionControlPort><ClientCommandsPort>0</ClientCommandsPort><AgentIPAddress>127.0.0.1</AgentIPAddress><AgentMissionControlPort>0</AgentMissionControlPort><AgentVideoPort>0</AgentVideoPort><AgentDepthPort>0</AgentDepthPort><AgentLuminancePort>0</AgentLuminancePort><AgentObservationsPort>0</AgentObservationsPort><AgentRewardsPort>0</AgentRewardsPort><AgentColourMapPort>0</AgentColourMapPort></ClientAgentConnection></MissionInit>
[22:46:07] [EnvServerSocketHandler/INFO]: [STDOUT]: Setting width, height to 640, 360
[22:46:07] [EnvServerSocketHandler/INFO]: [STDOUT]: Gamma: 2.0
[22:46:07] [EnvServerSocketHandler/INFO]: [STDOUT]: FOV: 70.0
[22:46:07] [EnvServerSocketHandler/INFO]: [STDOUT]: GuiScale: 1.0
[22:46:07] [Render thread/INFO]: [STDOUT]: Seed not provided, generating random one: -8053946438380954493
[22:46:07] [Render thread/WARN]: Ambiguity between arguments [teleport, destination] and [teleport, targets] with inputs: [Player, 0123, @e, dd12be42-52a9-4a91-a8a1-11c01849e498]
[22:46:07] [Render thread/WARN]: Ambiguity between arguments [teleport, location] and [teleport, destination] with inputs: [0.1 -0.5 .9, 0 0 0]
[22:46:07] [Render thread/WARN]: Ambiguity between arguments [teleport, location] and [teleport, targets] with inputs: [0.1 -0.5 .9, 0 0 0]
[22:46:07] [Render thread/WARN]: Ambiguity between arguments [teleport, targets] and [teleport, destination] with inputs: [Player, 0123, dd12be42-52a9-4a91-a8a1-11c01849e498]
[22:46:07] [Render thread/WARN]: Ambiguity between arguments [teleport, targets, location] and [teleport, targets, destination] with inputs: [0.1 -0.5 .9, 0 0 0]
[22:46:07] [Render thread/INFO]: Reloading ResourceManager: Default
[22:46:07] [Render thread/INFO]: Loaded 7 recipes
[22:46:07] [Render thread/INFO]: Loaded 927 advancements
[22:46:08] [Render thread/INFO]: Environment: authHost='https://authserver.mojang.com', accountsHost='https://api.mojang.com', sessionHost='https://sessionserver.mojang.com', servicesHost='https://api.minecraftservices.com', name='PROD'
[22:46:08] [Render thread/INFO]: Starting integrated minecraft server version 1.16.5
[22:46:08] [Render thread/INFO]: Generating keypair
[22:46:10] [Render thread/INFO]: Preparing start region for dimension minecraft:overworld
[22:46:16] [Render thread/INFO]: Changing view distance to 11, from 10
[22:46:16] [Render thread/INFO]: MineRLAgent0[local:E:3e0b5d8d] logged in with entity id 343 at (418.5, 69.0, -213.5)
[22:46:16] [Render thread/INFO]: MineRLAgent0 joined the game
[22:46:16] [Render thread/INFO]: [STDOUT]: *** creating fake mouse cursor ***
[22:46:16] [Render thread/INFO]: Preparing spawn area: 0%
[22:46:16] [Render thread/INFO]: Time elapsed: 2 ms
[22:46:16] [Render thread/INFO]: [STDOUT]: Starting new video null
[22:46:16] [Render thread/INFO]: Saving and pausing game...
[22:46:16] [Render thread/INFO]: Saving chunks for level 'ServerLevel[mcpworldae3c36e83e17]'/minecraft:overworld
[22:46:17] [Render thread/INFO]: Saving chunks for level 'ServerLevel[mcpworldae3c36e83e17]'/minecraft:the_nether
[22:46:17] [Render thread/INFO]: Saving chunks for level 'ServerLevel[mcpworldae3c36e83e17]'/minecraft:the_end
[22:46:17] [Render thread/INFO]: Loaded 0 advancements
[22:46:20] [EnvServerSocketHandler/INFO]: [STDOUT]: *** Stopping the replay, returning control to the inputs
[22:46:21] [EnvServerSocketHandler/INFO]: Received Mission token ceb3d596-643d-4c6b-a7a4-6ffa0ae40a12:0:0:1:true
[22:46:21] [EnvServerSocketHandler/INFO]: Received mission init command  <MissionInit xmlns="http://ProjectMalmo.microsoft.com" xmlns:xsi="http://www.w3.org/2001/XMLSchema-instance" SchemaVersion="" PlatformVersion="0.37.0"><Mission><About><Summary>MineRLBasaltFindCave-v0</Summary></About><ModSettings><MsPerTick>50</MsPerTick></ModSettings><ServerSection><ServerInitialConditions><Time><AllowPassageOfTime>false</AllowPassageOfTime></Time><AllowSpawning>true</AllowSpawning></ServerInitialConditions><ServerHandlers><DefaultWorldGenerator forceReset="true" generatorOptions="{}"/><ServerQuitFromTimeUp timeLimitMs="180000" description="out_of_time"/><ServerQuitWhenAnyAgentFinishes/></ServerHandlers></ServerSection><AgentSection mode="Survival"><Name>MineRLAgent0</Name><AgentStart><LowLevelInputs>true</LowLevelInputs><GuiScale>1.0</GuiScale><GammaSetting>2.0</GammaSetting><FOVSetting>70.0</FOVSetting><FakeCursorSize>16</FakeCursorSize><Inventory/><PreferredSpawnBiome>plains</PreferredSpawnBiome><DoneOnDeath>true</DoneOnDeath></AgentStart><AgentHandlers><FileBasedPerformanceProducer/><PauseCommand/><VideoProducer want_depth="false"><Width>640</Width><Height>360</Height></VideoProducer><HumanLevelCommands/><CameraCommands/></AgentHandlers></AgentSection></Mission><ExperimentUID>ceb3d596-643d-4c6b-a7a4-6ffa0ae40a12</ExperimentUID><ClientRole>0</ClientRole><ClientAgentConnection><ClientIPAddress>127.0.0.1</ClientIPAddress><ClientMissionControlPort>0</ClientMissionControlPort><ClientCommandsPort>0</ClientCommandsPort><AgentIPAddress>127.0.0.1</AgentIPAddress><AgentMissionControlPort>0</AgentMissionControlPort><AgentVideoPort>0</AgentVideoPort><AgentDepthPort>0</AgentDepthPort><AgentLuminancePort>0</AgentLuminancePort><AgentObservationsPort>0</AgentObservationsPort><AgentRewardsPort>0</AgentRewardsPort><AgentColourMapPort>0</AgentColourMapPort></ClientAgentConnection></MissionInit>
[22:46:21] [EnvServerSocketHandler/INFO]: [STDOUT]: Setting width, height to 640, 360
[22:46:21] [EnvServerSocketHandler/INFO]: [STDOUT]: Gamma: 2.0
[22:46:21] [EnvServerSocketHandler/INFO]: [STDOUT]: FOV: 70.0
[22:46:21] [EnvServerSocketHandler/INFO]: [STDOUT]: GuiScale: 1.0
[22:46:21] [Render thread/INFO]: [STDOUT]: Seed not provided, generating random one: 156988490004131081
[22:46:21] [Render thread/WARN]: Ambiguity between arguments [teleport, destination] and [teleport, targets] with inputs: [Player, 0123, @e, dd12be42-52a9-4a91-a8a1-11c01849e498]
[22:46:21] [Render thread/WARN]: Ambiguity between arguments [teleport, location] and [teleport, destination] with inputs: [0.1 -0.5 .9, 0 0 0]
[22:46:21] [Render thread/WARN]: Ambiguity between arguments [teleport, location] and [teleport, targets] with inputs: [0.1 -0.5 .9, 0 0 0]
[22:46:21] [Render thread/WARN]: Ambiguity between arguments [teleport, targets] and [teleport, destination] with inputs: [Player, 0123, dd12be42-52a9-4a91-a8a1-11c01849e498]
[22:46:21] [Render thread/WARN]: Ambiguity between arguments [teleport, targets, location] and [teleport, targets, destination] with inputs: [0.1 -0.5 .9, 0 0 0]
[22:46:21] [Render thread/INFO]: Reloading ResourceManager: Default
[22:46:21] [Render thread/INFO]: Loaded 7 recipes
[22:46:21] [Render thread/INFO]: Loaded 927 advancements
[22:46:21] [Render thread/INFO]: Environment: authHost='https://authserver.mojang.com', accountsHost='https://api.mojang.com', sessionHost='https://sessionserver.mojang.com', servicesHost='https://api.minecraftservices.com', name='PROD'
[22:46:21] [Render thread/INFO]: Starting integrated minecraft server version 1.16.5
[22:46:21] [Render thread/INFO]: Generating keypair
[22:46:24] [Render thread/INFO]: Preparing start region for dimension minecraft:overworld
[22:46:29] [Render thread/INFO]: Changing view distance to 11, from 10
[22:46:29] [Render thread/INFO]: MineRLAgent0[local:E:53113ce6] logged in with entity id 938 at (-637.5, 70.0, -917.5)
[22:46:29] [Render thread/INFO]: MineRLAgent0 joined the game
[22:46:29] [Render thread/INFO]: Preparing spawn area: 9%
[22:46:29] [Render thread/INFO]: Time elapsed: 1 ms
[22:46:29] [Render thread/INFO]: [STDOUT]: Starting new video null
[22:46:29] [Render thread/INFO]: Saving and pausing game...
[22:46:29] [Render thread/INFO]: Saving chunks for level 'ServerLevel[mcpworld752cd1999707]'/minecraft:overworld
[22:46:30] [Render thread/INFO]: Saving chunks for level 'ServerLevel[mcpworld752cd1999707]'/minecraft:the_nether
[22:46:30] [Render thread/INFO]: Saving chunks for level 'ServerLevel[mcpworld752cd1999707]'/minecraft:the_end
[22:46:30] [Render thread/INFO]: Loaded 0 advancements
[22:47:34] [EnvServerSocketHandler/INFO]: [STDOUT]: *** Stopping the replay, returning control to the inputs
