[22:17:02] [Thread-4/INFO]: [STDOUT]: SERVER enter state: DORMANT
[22:17:02] [EnvServerSocketHandler/INFO]: Received Mission token b6635cdc-8a66-458a-877e-8d5ca442f892:0:0:1:true
[22:17:02] [EnvServerSocketHandler/INFO]: Received mission init command  <MissionInit xmlns="http://ProjectMalmo.microsoft.com" xmlns:xsi="http://www.w3.org/2001/XMLSchema-instance" SchemaVersion="" PlatformVersion="0.37.0"><Mission><About><Summary>MineRLBasaltFindCave-v0</Summary></About><ModSettings><MsPerTick>50</MsPerTick></ModSettings><ServerSection><ServerInitialConditions><Time><AllowPassageOfTime>false</AllowPassageOfTime></Time><AllowSpawning>true</AllowSpawning></ServerInitialConditions><ServerHandlers><DefaultWorldGenerator forceReset="true" generatorOptions="{}"/><ServerQuitFromTimeUp timeLimitMs="180000" description="out_of_time"/><ServerQuitWhenAnyAgentFinishes/></ServerHandlers></ServerSection><AgentSection mode="Survival"><Name>MineRLAgent0</Name><AgentStart><LowLevelInputs>true</LowLevelInputs><GuiScale>1.0</GuiScale><GammaSetting>2.0</GammaSetting><FOVSetting>70.0</FOVSetting><FakeCursorSize>16</FakeCursorSize><Inventory/><PreferredSpawnBiome>plains</PreferredSpawnBiome><DoneOnDeath>true</DoneOnDeath></AgentStart><AgentHandlers><FileBasedPerformanceProducer/><PauseCommand/><VideoProducer want_depth="false"><Width>640</Width><Height>360</Height></VideoProducer><HumanLevelCommands/><CameraCommands/></AgentHandlers></AgentSection></Mission><ExperimentUID>b6635cdc-8a66-458a-877e-8d5ca442f892</ExperimentUID><ClientRole>0</ClientRole><ClientAgentConnection><ClientIPAddress>127.0.0.1</ClientIPAddress><ClientMissionControlPort>0</ClientMissionControlPort><ClientCommandsPort>0</ClientCommandsPort><AgentIPAddress>127.0.0.1</AgentIPAddress><AgentMissionControlPort>0</AgentMissionControlPort><AgentVideoPort>0</AgentVideoPort><AgentDepthPort>0</AgentDepthPort><AgentLuminancePort>0</AgentLuminancePort><AgentObservationsPort>0</AgentObservationsPort><AgentRewardsPort>0</AgentRewardsPort><AgentColourMapPort>0</AgentColourMapPort></ClientAgentConnection></MissionInit>
[22:17:02] [EnvServerSocketHandler/INFO]: [STDOUT]: Setting width, height to 640, 360
[22:17:02] [EnvServerSocketHandler/INFO]: [STDOUT]: Gamma: 2.0
[22:17:02] [EnvServerSocketHandler/INFO]: [STDOUT]: FOV: 70.0
[22:17:02] [EnvServerSocketHandler/INFO]: [STDOUT]: GuiScale: 1.0
[22:17:02] [Render thread/INFO]: [STDOUT]: Seed not provided, generating random one: 4518745661589638345
[22:17:03] [Render thread/WARN]: Ambiguity between arguments [teleport, destination] and [teleport, targets] with inputs: [Player, 0123, @e, dd12be42-52a9-4a91-a8a1-11c01849e498]
[22:17:03] [Render thread/WARN]: Ambiguity between arguments [teleport, location] and [teleport, destination] with inputs: [0.1 -0.5 .9, 0 0 0]
[22:17:03] [Render thread/WARN]: Ambiguity between arguments [teleport, location] and [teleport, targets] with inputs: [0.1 -0.5 .9, 0 0 0]
[22:17:03] [Render thread/WARN]: Ambiguity between arguments [teleport, targets] and [teleport, destination] with inputs: [Player, 0123, dd12be42-52a9-4a91-a8a1-11c01849e498]
[22:17:03] [Render thread/WARN]: Ambiguity between arguments [teleport, targets, location] and [teleport, targets, destination] with inputs: [0.1 -0.5 .9, 0 0 0]
[22:17:03] [Render thread/INFO]: Reloading ResourceManager: Default
[22:17:03] [Render thread/INFO]: Loaded 7 recipes
[22:17:03] [Render thread/INFO]: Loaded 927 advancements
[22:17:03] [Render thread/INFO]: Environment: authHost='https://authserver.mojang.com', accountsHost='https://api.mojang.com', sessionHost='https://sessionserver.mojang.com', servicesHost='https://api.minecraftservices.com', name='PROD'
[22:17:03] [Render thread/INFO]: Starting integrated minecraft server version 1.16.5
[22:17:03] [Render thread/INFO]: Generating keypair
[22:17:05] [Render thread/INFO]: Preparing start region for dimension minecraft:overworld
[22:17:09] [Render thread/INFO]: Changing view distance to 11, from 10
[22:17:09] [Render thread/INFO]: MineRLAgent0[local:E:1d3884f3] logged in with entity id 163 at (-173.5, 67.0, 778.5)
[22:17:09] [Render thread/INFO]: MineRLAgent0 joined the game
[22:17:09] [Render thread/INFO]: Preparing spawn area: 0%
[22:17:09] [Render thread/INFO]: Time elapsed: 2 ms
[22:17:09] [Render thread/INFO]: [STDOUT]: *** creating fake mouse cursor ***
[22:17:09] [Render thread/INFO]: [STDOUT]: Starting new video null
[22:17:09] [Render thread/INFO]: Saving and pausing game...
[22:17:09] [Render thread/INFO]: Saving chunks for level 'ServerLevel[mcpworldd15c84a3675f]'/minecraft:overworld
[22:17:10] [Render thread/INFO]: Saving chunks for level 'ServerLevel[mcpworldd15c84a3675f]'/minecraft:the_nether
[22:17:10] [Render thread/INFO]: Saving chunks for level 'ServerLevel[mcpworldd15c84a3675f]'/minecraft:the_end
[22:17:10] [Render thread/INFO]: Loaded 0 advancements
[22:17:12] [EnvServerSocketHandler/INFO]: [STDOUT]: *** Stopping the replay, returning control to the inputs
[22:17:12] [EnvServerSocketHandler/INFO]: Received Mission token 6a3c14ff-af38-4dcf-bc08-e9f081aee27c:0:0:1:true
[22:17:12] [EnvServerSocketHandler/INFO]: Received mission init command  <MissionInit xmlns="http://ProjectMalmo.microsoft.com" xmlns:xsi="http://www.w3.org/2001/XMLSchema-instance" SchemaVersion="" PlatformVersion="0.37.0"><Mission><About><Summary>MineRLBasaltFindCave-v0</Summary></About><ModSettings><MsPerTick>50</MsPerTick></ModSettings><ServerSection><ServerInitialConditions><Time><AllowPassageOfTime>false</AllowPassageOfTime></Time><AllowSpawning>true</AllowSpawning></ServerInitialConditions><ServerHandlers><DefaultWorldGenerator forceReset="true" generatorOptions="{}"/><ServerQuitFromTimeUp timeLimitMs="180000" description="out_of_time"/><ServerQuitWhenAnyAgentFinishes/></ServerHandlers></ServerSection><AgentSection mode="Survival"><Name>MineRLAgent0</Name><AgentStart><LowLevelInputs>true</LowLevelInputs><GuiScale>1.0</GuiScale><GammaSetting>2.0</GammaSetting><FOVSetting>70.0</FOVSetting><FakeCursorSize>16</FakeCursorSize><Inventory/><PreferredSpawnBiome>plains</PreferredSpawnBiome><DoneOnDeath>true</DoneOnDeath></AgentStart><AgentHandlers><FileBasedPerformanceProducer/><PauseCommand/><VideoProducer want_depth="false"><Width>640</Width><Height>360</Height></VideoProducer><HumanLevelCommands/><CameraCommands/></AgentHandlers></AgentSection></Mission><ExperimentUID>6a3c14ff-af38-4dcf-bc08-e9f081aee27c</ExperimentUID><ClientRole>0</ClientRole><ClientAgentConnection><ClientIPAddress>127.0.0.1</ClientIPAddress><ClientMissionControlPort>0</ClientMissionControlPort><ClientCommandsPort>0</ClientCommandsPort><AgentIPAddress>127.0.0.1</AgentIPAddress><AgentMissionControlPort>0</AgentMissionControlPort><AgentVideoPort>0</AgentVideoPort><AgentDepthPort>0</AgentDepthPort><AgentLuminancePort>0</AgentLuminancePort><AgentObservationsPort>0</AgentObservationsPort><AgentRewardsPort>0</AgentRewardsPort><AgentColourMapPort>0</AgentColourMapPort></ClientAgentConnection></MissionInit>
[22:17:13] [EnvServerSocketHandler/INFO]: [STDOUT]: Setting width, height to 640, 360
[22:17:13] [EnvServerSocketHandler/INFO]: [STDOUT]: Gamma: 2.0
[22:17:13] [EnvServerSocketHandler/INFO]: [STDOUT]: FOV: 70.0
[22:17:13] [EnvServerSocketHandler/INFO]: [STDOUT]: GuiScale: 1.0
[22:17:13] [Render thread/INFO]: [STDOUT]: Seed not provided, generating random one: -8597645198906969706
[22:17:13] [Render thread/WARN]: Ambiguity between arguments [teleport, destination] and [teleport, targets] with inputs: [Player, 0123, @e, dd12be42-52a9-4a91-a8a1-11c01849e498]
[22:17:13] [Render thread/WARN]: Ambiguity between arguments [teleport, location] and [teleport, destination] with inputs: [0.1 -0.5 .9, 0 0 0]
[22:17:13] [Render thread/WARN]: Ambiguity between arguments [teleport, location] and [teleport, targets] with inputs: [0.1 -0.5 .9, 0 0 0]
[22:17:13] [Render thread/WARN]: Ambiguity between arguments [teleport, targets] and [teleport, destination] with inputs: [Player, 0123, dd12be42-52a9-4a91-a8a1-11c01849e498]
[22:17:13] [Render thread/WARN]: Ambiguity between arguments [teleport, targets, location] and [teleport, targets, destination] with inputs: [0.1 -0.5 .9, 0 0 0]
[22:17:13] [Render thread/INFO]: Reloading ResourceManager: Default
[22:17:13] [Render thread/INFO]: Loaded 7 recipes
[22:17:13] [Render thread/INFO]: Loaded 927 advancements
[22:17:13] [Render thread/INFO]: Environment: authHost='https://authserver.mojang.com', accountsHost='https://api.mojang.com', sessionHost='https://sessionserver.mojang.com', servicesHost='https://api.minecraftservices.com', name='PROD'
[22:17:13] [Render thread/INFO]: Starting integrated minecraft server version 1.16.5
[22:17:13] [Render thread/INFO]: Generating keypair
[22:17:14] [Render thread/INFO]: Preparing start region for dimension minecraft:overworld
[22:17:19] [Render thread/INFO]: Changing view distance to 11, from 10
[22:17:19] [Render thread/INFO]: MineRLAgent0[local:E:cc2d51a2] logged in with entity id 532 at (162.5, 65.0, -549.5)
[22:17:19] [Render thread/INFO]: MineRLAgent0 joined the game
[22:17:19] [Render thread/INFO]: Preparing spawn area: 45%
[22:17:19] [Render thread/INFO]: Time elapsed: 1 ms
[22:17:19] [Render thread/INFO]: [STDOUT]: Starting new video null
[22:17:19] [Render thread/INFO]: Saving and pausing game...
[22:17:19] [Render thread/INFO]: Saving chunks for level 'ServerLevel[mcpworldc428c27c2881]'/minecraft:overworld
[22:17:19] [Render thread/INFO]: Saving chunks for level 'ServerLevel[mcpworldc428c27c2881]'/minecraft:the_nether
[22:17:19] [Render thread/INFO]: Saving chunks for level 'ServerLevel[mcpworldc428c27c2881]'/minecraft:the_end
[22:17:20] [Render thread/INFO]: Loaded 0 advancements
[22:17:32] [Render thread/INFO]: MineRLAgent0 fell from a high place
[22:17:32] [Render thread/INFO]: [CHAT] MineRLAgent0 fell from a high place
[22:17:32] [Render thread/INFO]: [STDOUT]: Starting new video null
