[00:25:50] [Thread-4/INFO]: [STDOUT]: SERVER enter state: DORMANT
[00:25:50] [EnvServerSocketHandler/INFO]: Received Mission token 71c95d6a-8ccc-4367-a7f2-eed67e113f67:0:0:1:true
[00:25:50] [EnvServerSocketHandler/INFO]: Received mission init command  <MissionInit xmlns="http://ProjectMalmo.microsoft.com" xmlns:xsi="http://www.w3.org/2001/XMLSchema-instance" SchemaVersion="" PlatformVersion="0.37.0"><Mission><About><Summary>MineRLBasaltFindCave-v0</Summary></About><ModSettings><MsPerTick>50</MsPerTick></ModSettings><ServerSection><ServerInitialConditions><Time><AllowPassageOfTime>false</AllowPassageOfTime></Time><AllowSpawning>true</AllowSpawning></ServerInitialConditions><ServerHandlers><DefaultWorldGenerator forceReset="true" generatorOptions="{}"/><ServerQuitFromTimeUp timeLimitMs="180000" description="out_of_time"/><ServerQuitWhenAnyAgentFinishes/></ServerHandlers></ServerSection><AgentSection mode="Survival"><Name>MineRLAgent0</Name><AgentStart><LowLevelInputs>true</LowLevelInputs><GuiScale>1.0</GuiScale><GammaSetting>2.0</GammaSetting><FOVSetting>70.0</FOVSetting><FakeCursorSize>16</FakeCursorSize><Inventory/><PreferredSpawnBiome>plains</PreferredSpawnBiome><DoneOnDeath>true</DoneOnDeath></AgentStart><AgentHandlers><FileBasedPerformanceProducer/><PauseCommand/><VideoProducer want_depth="false"><Width>640</Width><Height>360</Height></VideoProducer><HumanLevelCommands/><CameraCommands/></AgentHandlers></AgentSection></Mission><ExperimentUID>71c95d6a-8ccc-4367-a7f2-eed67e113f67</ExperimentUID><ClientRole>0</ClientRole><ClientAgentConnection><ClientIPAddress>127.0.0.1</ClientIPAddress><ClientMissionControlPort>0</ClientMissionControlPort><ClientCommandsPort>0</ClientCommandsPort><AgentIPAddress>127.0.0.1</AgentIPAddress><AgentMissionControlPort>0</AgentMissionControlPort><AgentVideoPort>0</AgentVideoPort><AgentDepthPort>0</AgentDepthPort><AgentLuminancePort>0</AgentLuminancePort><AgentObservationsPort>0</AgentObservationsPort><AgentRewardsPort>0</AgentRewardsPort><AgentColourMapPort>0</AgentColourMapPort></ClientAgentConnection></MissionInit>
[00:25:51] [EnvServerSocketHandler/INFO]: [STDOUT]: Setting width, height to 640, 360
[00:25:51] [EnvServerSocketHandler/INFO]: [STDOUT]: Gamma: 2.0
[00:25:51] [EnvServerSocketHandler/INFO]: [STDOUT]: FOV: 70.0
[00:25:51] [EnvServerSocketHandler/INFO]: [STDOUT]: GuiScale: 1.0
[00:25:51] [Render thread/INFO]: [STDOUT]: Seed not provided, generating random one: -8535020429258930072
[00:25:51] [Render thread/WARN]: Ambiguity between arguments [teleport, destination] and [teleport, targets] with inputs: [Player, 0123, @e, dd12be42-52a9-4a91-a8a1-11c01849e498]
[00:25:51] [Render thread/WARN]: Ambiguity between arguments [teleport, location] and [teleport, destination] with inputs: [0.1 -0.5 .9, 0 0 0]
[00:25:51] [Render thread/WARN]: Ambiguity between arguments [teleport, location] and [teleport, targets] with inputs: [0.1 -0.5 .9, 0 0 0]
[00:25:51] [Render thread/WARN]: Ambiguity between arguments [teleport, targets] and [teleport, destination] with inputs: [Player, 0123, dd12be42-52a9-4a91-a8a1-11c01849e498]
[00:25:51] [Render thread/WARN]: Ambiguity between arguments [teleport, targets, location] and [teleport, targets, destination] with inputs: [0.1 -0.5 .9, 0 0 0]
[00:25:51] [Render thread/INFO]: Reloading ResourceManager: Default
[00:25:51] [Render thread/INFO]: Loaded 7 recipes
[00:25:51] [Render thread/INFO]: Loaded 927 advancements
[00:25:52] [Render thread/INFO]: Environment: authHost='https://authserver.mojang.com', accountsHost='https://api.mojang.com', sessionHost='https://sessionserver.mojang.com', servicesHost='https://api.minecraftservices.com', name='PROD'
[00:25:52] [Render thread/INFO]: Starting integrated minecraft server version 1.16.5
[00:25:52] [Render thread/INFO]: Generating keypair
[00:25:54] [Render thread/INFO]: Preparing start region for dimension minecraft:overworld
[00:26:00] [Render thread/INFO]: Changing view distance to 11, from 10
[00:26:00] [Render thread/INFO]: MineRLAgent0[local:E:4fe359a9] logged in with entity id 166 at (-685.5, 70.0, 714.5)
[00:26:00] [Render thread/INFO]: MineRLAgent0 joined the game
[00:26:00] [Render thread/INFO]: [STDOUT]: *** creating fake mouse cursor ***
[00:26:00] [Render thread/INFO]: Preparing spawn area: 6%
[00:26:00] [Render thread/INFO]: Time elapsed: 3 ms
[00:26:00] [Render thread/INFO]: [STDOUT]: Starting new video null
[00:26:00] [Render thread/INFO]: Saving and pausing game...
[00:26:00] [Render thread/INFO]: Saving chunks for level 'ServerLevel[mcpworlda05c2249778e]'/minecraft:overworld
[00:26:01] [Render thread/INFO]: Saving chunks for level 'ServerLevel[mcpworlda05c2249778e]'/minecraft:the_nether
[00:26:01] [Render thread/INFO]: Saving chunks for level 'ServerLevel[mcpworlda05c2249778e]'/minecraft:the_end
[00:26:01] [Render thread/INFO]: Loaded 0 advancements
[00:26:04] [EnvServerSocketHandler/INFO]: [STDOUT]: *** Stopping the replay, returning control to the inputs
[00:26:04] [EnvServerSocketHandler/INFO]: Received Mission token a49aac71-0a90-4670-905f-b6ad0936331c:0:0:1:true
[00:26:04] [EnvServerSocketHandler/INFO]: Received mission init command  <MissionInit xmlns="http://ProjectMalmo.microsoft.com" xmlns:xsi="http://www.w3.org/2001/XMLSchema-instance" SchemaVersion="" PlatformVersion="0.37.0"><Mission><About><Summary>MineRLBasaltFindCave-v0</Summary></About><ModSettings><MsPerTick>50</MsPerTick></ModSettings><ServerSection><ServerInitialConditions><Time><AllowPassageOfTime>false</AllowPassageOfTime></Time><AllowSpawning>true</AllowSpawning></ServerInitialConditions><ServerHandlers><DefaultWorldGenerator forceReset="true" generatorOptions="{}"/><ServerQuitFromTimeUp timeLimitMs="180000" description="out_of_time"/><ServerQuitWhenAnyAgentFinishes/></ServerHandlers></ServerSection><AgentSection mode="Survival"><Name>MineRLAgent0</Name><AgentStart><LowLevelInputs>true</LowLevelInputs><GuiScale>1.0</GuiScale><GammaSetting>2.0</GammaSetting><FOVSetting>70.0</FOVSetting><FakeCursorSize>16</FakeCursorSize><Inventory/><PreferredSpawnBiome>plains</PreferredSpawnBiome><DoneOnDeath>true</DoneOnDeath></AgentStart><AgentHandlers><FileBasedPerformanceProducer/><PauseCommand/><VideoProducer want_depth="false"><Width>640</Width><Height>360</Height></VideoProducer><HumanLevelCommands/><CameraCommands/></AgentHandlers></AgentSection></Mission><ExperimentUID>a49aac71-0a90-4670-905f-b6ad0936331c</ExperimentUID><ClientRole>0</ClientRole><ClientAgentConnection><ClientIPAddress>127.0.0.1</ClientIPAddress><ClientMissionControlPort>0</ClientMissionControlPort><ClientCommandsPort>0</ClientCommandsPort><AgentIPAddress>127.0.0.1</AgentIPAddress><AgentMissionControlPort>0</AgentMissionControlPort><AgentVideoPort>0</AgentVideoPort><AgentDepthPort>0</AgentDepthPort><AgentLuminancePort>0</AgentLuminancePort><AgentObservationsPort>0</AgentObservationsPort><AgentRewardsPort>0</AgentRewardsPort><AgentColourMapPort>0</AgentColourMapPort></ClientAgentConnection></MissionInit>
[00:26:04] [EnvServerSocketHandler/INFO]: [STDOUT]: Setting width, height to 640, 360
[00:26:04] [EnvServerSocketHandler/INFO]: [STDOUT]: Gamma: 2.0
[00:26:04] [EnvServerSocketHandler/INFO]: [STDOUT]: FOV: 70.0
[00:26:04] [EnvServerSocketHandler/INFO]: [STDOUT]: GuiScale: 1.0
[00:26:04] [Render thread/INFO]: [STDOUT]: Seed not provided, generating random one: -6101962479180821426
[00:26:05] [Render thread/WARN]: Ambiguity between arguments [teleport, destination] and [teleport, targets] with inputs: [Player, 0123, @e, dd12be42-52a9-4a91-a8a1-11c01849e498]
[00:26:05] [Render thread/WARN]: Ambiguity between arguments [teleport, location] and [teleport, destination] with inputs: [0.1 -0.5 .9, 0 0 0]
[00:26:05] [Render thread/WARN]: Ambiguity between arguments [teleport, location] and [teleport, targets] with inputs: [0.1 -0.5 .9, 0 0 0]
[00:26:05] [Render thread/WARN]: Ambiguity between arguments [teleport, targets] and [teleport, destination] with inputs: [Player, 0123, dd12be42-52a9-4a91-a8a1-11c01849e498]
[00:26:05] [Render thread/WARN]: Ambiguity between arguments [teleport, targets, location] and [teleport, targets, destination] with inputs: [0.1 -0.5 .9, 0 0 0]
[00:26:05] [Render thread/INFO]: Reloading ResourceManager: Default
[00:26:05] [Render thread/INFO]: Loaded 7 recipes
[00:26:05] [Render thread/INFO]: Loaded 927 advancements
[00:26:05] [Render thread/INFO]: Environment: authHost='https://authserver.mojang.com', accountsHost='https://api.mojang.com', sessionHost='https://sessionserver.mojang.com', servicesHost='https://api.minecraftservices.com', name='PROD'
[00:26:05] [Render thread/INFO]: Starting integrated minecraft server version 1.16.5
[00:26:05] [Render thread/INFO]: Generating keypair
[00:26:07] [Render thread/INFO]: Preparing start region for dimension minecraft:overworld
[00:26:13] [Render thread/INFO]: Changing view distance to 11, from 10
[00:26:13] [Render thread/INFO]: MineRLAgent0[local:E:c1e5bb9d] logged in with entity id 531 at (322.5, 65.0, -821.5)
[00:26:13] [Render thread/INFO]: MineRLAgent0 joined the game
[00:26:13] [Render thread/INFO]: Time elapsed: 0 ms
[00:26:13] [Render thread/INFO]: [STDOUT]: Starting new video null
[00:26:13] [Render thread/INFO]: Saving and pausing game...
[00:26:13] [Render thread/INFO]: Saving chunks for level 'ServerLevel[mcpworld6d8e499e098e]'/minecraft:overworld
[00:26:13] [Render thread/INFO]: Saving chunks for level 'ServerLevel[mcpworld6d8e499e098e]'/minecraft:the_nether
[00:26:13] [Render thread/INFO]: Saving chunks for level 'ServerLevel[mcpworld6d8e499e098e]'/minecraft:the_end
[00:26:14] [Render thread/INFO]: Loaded 0 advancements
[00:26:44] [EnvServerSocketHandler/INFO]: [STDOUT]: *** Stopping the replay, returning control to the inputs
