[21:30:05] [Thread-4/INFO]: [STDOUT]: SERVER enter state: DORMANT
[21:30:05] [EnvServerSocketHandler/INFO]: Received Mission token 79254cc4-e3d7-4af6-826a-81d2902f8d6b:0:0:1:true
[21:30:05] [EnvServerSocketHandler/INFO]: Received mission init command  <MissionInit xmlns="http://ProjectMalmo.microsoft.com" xmlns:xsi="http://www.w3.org/2001/XMLSchema-instance" SchemaVersion="" PlatformVersion="0.37.0"><Mission><About><Summary>MineRLBasaltFindCave-v0</Summary></About><ModSettings><MsPerTick>50</MsPerTick></ModSettings><ServerSection><ServerInitialConditions><Time><AllowPassageOfTime>false</AllowPassageOfTime></Time><AllowSpawning>true</AllowSpawning></ServerInitialConditions><ServerHandlers><DefaultWorldGenerator forceReset="true" generatorOptions="{}"/><ServerQuitFromTimeUp timeLimitMs="180000" description="out_of_time"/><ServerQuitWhenAnyAgentFinishes/></ServerHandlers></ServerSection><AgentSection mode="Survival"><Name>MineRLAgent0</Name><AgentStart><LowLevelInputs>true</LowLevelInputs><GuiScale>1.0</GuiScale><GammaSetting>2.0</GammaSetting><FOVSetting>70.0</FOVSetting><FakeCursorSize>16</FakeCursorSize><Inventory/><PreferredSpawnBiome>plains</PreferredSpawnBiome><DoneOnDeath>true</DoneOnDeath></AgentStart><AgentHandlers><FileBasedPerformanceProducer/><PauseCommand/><VideoProducer want_depth="false"><Width>640</Width><Height>360</Height></VideoProducer><HumanLevelCommands/><CameraCommands/></AgentHandlers></AgentSection></Mission><ExperimentUID>79254cc4-e3d7-4af6-826a-81d2902f8d6b</ExperimentUID><ClientRole>0</ClientRole><ClientAgentConnection><ClientIPAddress>127.0.0.1</ClientIPAddress><ClientMissionControlPort>0</ClientMissionControlPort><ClientCommandsPort>0</ClientCommandsPort><AgentIPAddress>127.0.0.1</AgentIPAddress><AgentMissionControlPort>0</AgentMissionControlPort><AgentVideoPort>0</AgentVideoPort><AgentDepthPort>0</AgentDepthPort><AgentLuminancePort>0</AgentLuminancePort><AgentObservationsPort>0</AgentObservationsPort><AgentRewardsPort>0</AgentRewardsPort><AgentColourMapPort>0</AgentColourMapPort></ClientAgentConnection></MissionInit>
[21:30:06] [EnvServerSocketHandler/INFO]: [STDOUT]: Setting width, height to 640, 360
[21:30:06] [EnvServerSocketHandler/INFO]: [STDOUT]: Gamma: 2.0
[21:30:06] [EnvServerSocketHandler/INFO]: [STDOUT]: FOV: 70.0
[21:30:06] [Sound engine/ERROR]: Failed to read from audio stream
java.io.IOException: Failed to read Ogg file 21
	at net.minecraft.client.audio.OggAudioStream.readOgg(OggAudioStream.java:119) ~[mcprec-6.13.jar:?]
	at net.minecraft.client.audio.OggAudioStream.readOggSoundWithCapacity(OggAudioStream.java:176) ~[mcprec-6.13.jar:?]
	at net.minecraft.client.audio.SoundSource.readFromStream(SoundSource.java:142) ~[mcprec-6.13.jar:?]
	at net.minecraft.client.audio.SoundSource.tick(SoundSource.java:159) ~[mcprec-6.13.jar:?]
	at net.minecraft.client.audio.ChannelManager.lambda$tick$3(ChannelManager.java:56) ~[mcprec-6.13.jar:?]
	at net.minecraft.util.concurrent.ThreadTaskExecutor.run(ThreadTaskExecutor.java:136) ~[mcprec-6.13.jar:?]
	at net.minecraft.util.concurrent.ThreadTaskExecutor.driveOne(ThreadTaskExecutor.java:109) ~[mcprec-6.13.jar:?]
	at net.minecraft.util.concurrent.ThreadTaskExecutor.driveUntil(ThreadTaskExecutor.java:119) ~[mcprec-6.13.jar:?]
	at net.minecraft.client.audio.SoundEngineExecutor.run(SoundEngineExecutor.java:39) ~[mcprec-6.13.jar:?]
	at java.lang.Thread.run(Thread.java:750) [?:1.8.0_412]
[21:30:06] [EnvServerSocketHandler/INFO]: [STDOUT]: GuiScale: 1.0
[21:30:06] [Sound engine/FATAL]: Error executing task on Sound executor
java.lang.NullPointerException: null
	at net.minecraft.client.audio.ChannelManager.lambda$tick$3(ChannelManager.java:57) ~[mcprec-6.13.jar:?]
	at net.minecraft.util.concurrent.ThreadTaskExecutor.run(ThreadTaskExecutor.java:136) ~[mcprec-6.13.jar:?]
	at net.minecraft.util.concurrent.ThreadTaskExecutor.driveOne(ThreadTaskExecutor.java:109) ~[mcprec-6.13.jar:?]
	at net.minecraft.util.concurrent.ThreadTaskExecutor.driveUntil(ThreadTaskExecutor.java:119) ~[mcprec-6.13.jar:?]
	at net.minecraft.client.audio.SoundEngineExecutor.run(SoundEngineExecutor.java:39) ~[mcprec-6.13.jar:?]
	at java.lang.Thread.run(Thread.java:750) [?:1.8.0_412]
[21:30:06] [Render thread/INFO]: [STDOUT]: Seed not provided, generating random one: -2509285920910167061
[21:30:06] [Render thread/WARN]: Ambiguity between arguments [teleport, destination] and [teleport, targets] with inputs: [Player, 0123, @e, dd12be42-52a9-4a91-a8a1-11c01849e498]
[21:30:06] [Render thread/WARN]: Ambiguity between arguments [teleport, location] and [teleport, destination] with inputs: [0.1 -0.5 .9, 0 0 0]
[21:30:06] [Render thread/WARN]: Ambiguity between arguments [teleport, location] and [teleport, targets] with inputs: [0.1 -0.5 .9, 0 0 0]
[21:30:06] [Render thread/WARN]: Ambiguity between arguments [teleport, targets] and [teleport, destination] with inputs: [Player, 0123, dd12be42-52a9-4a91-a8a1-11c01849e498]
[21:30:06] [Render thread/WARN]: Ambiguity between arguments [teleport, targets, location] and [teleport, targets, destination] with inputs: [0.1 -0.5 .9, 0 0 0]
[21:30:06] [Render thread/INFO]: Reloading ResourceManager: Default
[21:30:06] [Render thread/INFO]: Loaded 7 recipes
[21:30:06] [Render thread/INFO]: Loaded 927 advancements
[21:30:07] [Render thread/INFO]: Environment: authHost='https://authserver.mojang.com', accountsHost='https://api.mojang.com', sessionHost='https://sessionserver.mojang.com', servicesHost='https://api.minecraftservices.com', name='PROD'
[21:30:07] [Render thread/INFO]: Starting integrated minecraft server version 1.16.5
[21:30:07] [Render thread/INFO]: Generating keypair
[21:30:09] [Render thread/INFO]: Preparing start region for dimension minecraft:overworld
[21:30:13] [Render thread/INFO]: Changing view distance to 11, from 10
[21:30:13] [Render thread/INFO]: MineRLAgent0[local:E:1849f269] logged in with entity id 312 at (-829.5, 61.0, -837.5)
[21:30:13] [Render thread/INFO]: MineRLAgent0 joined the game
[21:30:13] [Render thread/INFO]: [STDOUT]: *** creating fake mouse cursor ***
[21:30:13] [Render thread/INFO]: Preparing spawn area: 10%
[21:30:13] [Render thread/INFO]: Time elapsed: 2 ms
[21:30:14] [Render thread/INFO]: [STDOUT]: Starting new video null
[21:30:14] [Render thread/INFO]: Saving and pausing game...
[21:30:14] [Render thread/INFO]: Saving chunks for level 'ServerLevel[mcpworld7eaae81df8a5]'/minecraft:overworld
[21:30:14] [Render thread/INFO]: Saving chunks for level 'ServerLevel[mcpworld7eaae81df8a5]'/minecraft:the_nether
[21:30:14] [Render thread/INFO]: Saving chunks for level 'ServerLevel[mcpworld7eaae81df8a5]'/minecraft:the_end
[21:30:14] [Render thread/INFO]: Loaded 0 advancements
[21:30:18] [EnvServerSocketHandler/INFO]: [STDOUT]: *** Stopping the replay, returning control to the inputs
[21:30:19] [EnvServerSocketHandler/INFO]: Received Mission token 6c6b1624-99b0-4859-a50e-21629ab9b1af:0:0:1:true
[21:30:19] [EnvServerSocketHandler/INFO]: Received mission init command  <MissionInit xmlns="http://ProjectMalmo.microsoft.com" xmlns:xsi="http://www.w3.org/2001/XMLSchema-instance" SchemaVersion="" PlatformVersion="0.37.0"><Mission><About><Summary>MineRLBasaltFindCave-v0</Summary></About><ModSettings><MsPerTick>50</MsPerTick></ModSettings><ServerSection><ServerInitialConditions><Time><AllowPassageOfTime>false</AllowPassageOfTime></Time><AllowSpawning>true</AllowSpawning></ServerInitialConditions><ServerHandlers><DefaultWorldGenerator forceReset="true" generatorOptions="{}"/><ServerQuitFromTimeUp timeLimitMs="180000" description="out_of_time"/><ServerQuitWhenAnyAgentFinishes/></ServerHandlers></ServerSection><AgentSection mode="Survival"><Name>MineRLAgent0</Name><AgentStart><LowLevelInputs>true</LowLevelInputs><GuiScale>1.0</GuiScale><GammaSetting>2.0</GammaSetting><FOVSetting>70.0</FOVSetting><FakeCursorSize>16</FakeCursorSize><Inventory/><PreferredSpawnBiome>plains</PreferredSpawnBiome><DoneOnDeath>true</DoneOnDeath></AgentStart><AgentHandlers><FileBasedPerformanceProducer/><PauseCommand/><VideoProducer want_depth="false"><Width>640</Width><Height>360</Height></VideoProducer><HumanLevelCommands/><CameraCommands/></AgentHandlers></AgentSection></Mission><ExperimentUID>6c6b1624-99b0-4859-a50e-21629ab9b1af</ExperimentUID><ClientRole>0</ClientRole><ClientAgentConnection><ClientIPAddress>127.0.0.1</ClientIPAddress><ClientMissionControlPort>0</ClientMissionControlPort><ClientCommandsPort>0</ClientCommandsPort><AgentIPAddress>127.0.0.1</AgentIPAddress><AgentMissionControlPort>0</AgentMissionControlPort><AgentVideoPort>0</AgentVideoPort><AgentDepthPort>0</AgentDepthPort><AgentLuminancePort>0</AgentLuminancePort><AgentObservationsPort>0</AgentObservationsPort><AgentRewardsPort>0</AgentRewardsPort><AgentColourMapPort>0</AgentColourMapPort></ClientAgentConnection></MissionInit>
[21:30:19] [EnvServerSocketHandler/INFO]: [STDOUT]: Setting width, height to 640, 360
[21:30:19] [EnvServerSocketHandler/INFO]: [STDOUT]: Gamma: 2.0
[21:30:19] [EnvServerSocketHandler/INFO]: [STDOUT]: FOV: 70.0
[21:30:19] [EnvServerSocketHandler/INFO]: [STDOUT]: GuiScale: 1.0
[21:30:19] [Render thread/INFO]: [STDOUT]: Seed not provided, generating random one: -2162870103177055064
[21:30:19] [Render thread/WARN]: Ambiguity between arguments [teleport, destination] and [teleport, targets] with inputs: [Player, 0123, @e, dd12be42-52a9-4a91-a8a1-11c01849e498]
[21:30:19] [Render thread/WARN]: Ambiguity between arguments [teleport, location] and [teleport, destination] with inputs: [0.1 -0.5 .9, 0 0 0]
[21:30:19] [Render thread/WARN]: Ambiguity between arguments [teleport, location] and [teleport, targets] with inputs: [0.1 -0.5 .9, 0 0 0]
[21:30:19] [Render thread/WARN]: Ambiguity between arguments [teleport, targets] and [teleport, destination] with inputs: [Player, 0123, dd12be42-52a9-4a91-a8a1-11c01849e498]
[21:30:19] [Render thread/WARN]: Ambiguity between arguments [teleport, targets, location] and [teleport, targets, destination] with inputs: [0.1 -0.5 .9, 0 0 0]
[21:30:19] [Render thread/INFO]: Reloading ResourceManager: Default
[21:30:19] [Render thread/INFO]: Loaded 7 recipes
[21:30:19] [Render thread/INFO]: Loaded 927 advancements
[21:30:19] [Render thread/INFO]: Environment: authHost='https://authserver.mojang.com', accountsHost='https://api.mojang.com', sessionHost='https://sessionserver.mojang.com', servicesHost='https://api.minecraftservices.com', name='PROD'
[21:30:19] [Render thread/INFO]: Starting integrated minecraft server version 1.16.5
[21:30:19] [Render thread/INFO]: Generating keypair
[21:30:20] [Render thread/INFO]: Preparing start region for dimension minecraft:overworld
[21:30:26] [Render thread/INFO]: Changing view distance to 11, from 10
[21:30:26] [Render thread/INFO]: MineRLAgent0[local:E:bda1a7be] logged in with entity id 974 at (242.5, 64.0, 682.5)
[21:30:26] [Render thread/INFO]: MineRLAgent0 joined the game
[21:30:26] [Render thread/INFO]: Preparing spawn area: 8%
[21:30:26] [Render thread/INFO]: Time elapsed: 1 ms
[21:30:26] [Render thread/INFO]: [STDOUT]: Starting new video null
[21:30:26] [Render thread/INFO]: Saving and pausing game...
[21:30:26] [Render thread/INFO]: Saving chunks for level 'ServerLevel[mcpworld860e46ecc141]'/minecraft:overworld
[21:30:26] [Render thread/INFO]: Saving chunks for level 'ServerLevel[mcpworld860e46ecc141]'/minecraft:the_nether
[21:30:26] [Render thread/INFO]: Saving chunks for level 'ServerLevel[mcpworld860e46ecc141]'/minecraft:the_end
[21:30:27] [Render thread/INFO]: Loaded 0 advancements
